1632
0
1
cd-a 1
1
2
dab-b 23
ehb-b 3
2
3
dgc-c 2
fcd-c 30
dgj-c 3
3
6
cd-d 2
bjg-d 1
cbd-d 1
hcj-d 2
ii-d 15
bcb-d 12
4
1
hic-e 51
5
5
bc-f 1
ff-f 1
jcc-f 1
jbb-f 2
bdjf-f 9
6
5
ehc-g 2
iee-g 3
eie-g 3
gic-g 4
bedj-g 1
7
1
bfa-h 2
8
3
geg-i 30
gie-i 7
bahi-i 1
9
3
ce-j 1
heg-j 4
fbj-j 46
10
1
dhf-ba 1
11
7
bae-bb 2
bcb-bb 2
bee-bb 15
cd-bb 3
bcea-bb 2
bcef-bb 9
bgf-bb 5
12
6
ddf-bc 1
ccj-bc 2
dgf-bc 12
baid-bc 1
hbf-bc 6
daa-bc 4
13
2
cch-bd 6
bejh-bd 6
14
4
fec-be 3
bbbj-be 6
babg-be 4
beai-be 30
15
1
hi-bf 6
16
6
jf-bg 1
iag-bg 1
fib-bg 1
gge-bg 2
bdii-bg 6
baae-bg 1
17
3
hjd-bh 1
ihi-bh 23
bgeh-bh 3
18
5
bc-bi 1
feh-bi 2
hej-bi 2
fic-bi 70
babg-bi 63
19
8
bc-bj 2
ch-bj 1
dg-bj 1
db-bj 2
dhf-bj 3
cii-bj 2
hcj-bj 1
bdbf-bj 1
20
4
cd-ca 1
bai-ca 1
dfg-ca 2
gjh-ca 12
21
3
dcc-cb 2
did-cb 2
edb-cb 3
22
4
ff-cc 1
dgf-cc 3
jgi-cc 1
badc-cc 3
23
6
bhd-cd 4
fae-cd 1
dbg-cd 24
gfa-cd 1
ffb-cd 17
bcaj-cd 1
24
3
ef-ce 1
jgf-ce 2
jag-ce 4
25
4
fhg-cf 1
eac-cf 24
bbci-cf 2
def-cf 7
26
6
eh-cg 2
chb-cg 4
deg-cg 2
deb-cg 2
bd-cg 6
hhc-cg 3
27
6
cd-ch 1
bjd-ch 2
dji-ch 3
ddb-ch 2
hch-ch 2
jgg-ch 5
28
5
hif-ci 2
gbg-ci 5
befi-ci 2
bffg-ci 33
hfh-ci 12
29
3
egd-cj 1
fbi-cj 1
bfgd-cj 10
30
8
ea-da 1
bhd-da 6
eej-da 3
bdf-da 4
gda-da 1
fai-da 6
bcei-da 6
beib-da 5
31
6
bc-db 1
cd-db 2
gi-db 1
cbh-db 3
cfj-db 1
bbde-db 15
32
6
ecg-dc 2
iag-dc 1
jbf-dc 1
iej-dc 121
ifh-dc 8
bbgj-dc 8
33
1
babg-dd 3
34
2
bhe-de 1
eih-de 1
35
5
gc-df 1
igi-df 9
iei-df 1
ibf-df 1
bfgb-df 41
36
7
cee-dg 3
hah-dg 21
bcii-dg 21
bdfc-dg 3
bcag-dg 7
bebe-dg 15
bgfe-dg 6
37
4
db-dh 1
hha-dh 26
gcd-dh 3
bagf-dh 80
38
1
haf-di 195
39
2
cbh-dj 2
ef-dj 2
40
5
cgg-ea 1
jjh-ea 3
jff-ea 2
eee-ea 2
fda-ea 2
41
3
hac-eb 2
cdi-eb 21
bbfc-eb 30
42
5
fi-ec 3
fc-ec 1
ege-ec 3
ci-ec 1
cdc-ec 12
43
4
eb-ed 1
ech-ed 3
bcia-ed 10
bfdc-ed 3
44
3
ejg-ee 1
cfb-ee 2
bacc-ee 2
45
7
bgd-ef 1
bgb-ef 1
cij-ef 2
egh-ef 1
ige-ef 10
cih-ef 9
beeh-ef 3
46
4
bcd-eg 1
cbg-eg 1
ffd-eg 1
ggg-eg 30
47
5
bjb-eh 3
fdd-eh 1
bbfg-eh 15
gdh-eh 19
bbei-eh 4
48
4
cbh-ei 1
bbje-ei 1
jfj-ei 12
bcjf-ei 3
49
3
cd-ej 3
jia-ej 1
baig-ej 19
50
5
bcb-fa 1
hg-fa 1
bc-fa 3
jji-fa 3
dhe-fa 19
51
3
bdc-fb 7
dfa-fb 4
bcch-fb 3
52
5
jb-fc 1
bcj-fc 1
eab-fc 1
fif-fc 15
bfch-fc 36
53
2
dd-fd 1
dhe-fd 1
54
1
jic-fe 3
55
7
ic-ff 1
bdf-ff 1
dbd-ff 2
bed-ff 2
cje-ff 3
bdcg-ff 2
gb-ff 14
56
1
bfaf-fg 3
57
7
d-fh 2
bdb-fh 1
ccb-fh 2
jh-fh 1
jie-fh 1
jjd-fh 1
bejb-fh 6
58
3
fg-fi 2
hee-fi 3
bfdg-fi 16
59
7
ff-fj 1
bea-fj 1
dbg-fj 6
ddg-fj 1
hfh-fj 1
ifd-fj 3
bcha-fj 2
60
6
cg-ga 2
cih-ga 1
dac-ga 2
eah-ga 1
bi-ga 11
fga-ga 29
61
2
bbeb-gb 1
bbjc-gb 14
62
5
j-gc 1
bga-gc 1
eie-gc 21
bdfa-gc 38
gge-gc 59
63
5
cfj-gd 4
dai-gd 3
icd-gd 2
daj-gd 4
bfgc-gd 11
64
1
g-ge 1
65
1
cgh-gf 1
66
5
jdj-gg 1
cdh-gg 54
jhg-gg 3
idf-gg 3
bfjf-gg 87
67
1
bddh-gh 7
68
3
cbe-gi 3
bcff-gi 26
ch-gi 2
69
3
edh-gj 1
gjj-gj 3
baad-gj 1
70
3
bda-ha 1
db-ha 6
ecc-ha 1
71
2
efh-hb 12
iaa-hb 6
72
3
cif-hc 1
dbf-hc 6
ejc-hc 17
74
7
bcd-he 1
bgi-he 5
gij-he 3
gig-he 1
bcjc-he 12
bebb-he 3
hc-he 3
75
4
da-hf 1
dah-hf 1
hie-hf 4
bdbc-hf 3
76
4
dfj-hg 1
bja-hg 13
gbd-hg 4
cgj-hg 4
77
7
bdh-hh 2
caa-hh 1
cae-hh 3
bjb-hh 5
jae-hh 2
gcj-hh 9
beic-hh 2
78
3
ihf-hi 6
baec-hi 66
iba-hi 66
79
2
gfg-hj 6
jfc-hj 62
80
2
bdjd-ia 2
bfeh-ia 3
81
4
gia-ib 3
ghd-ib 5
dea-ib 2
dad-ib 2
82
2
fdf-ic 2
bedh-ic 9
83
4
ej-id 1
ebd-id 1
gbg-id 3
eab-id 51
84
4
dej-ie 1
haj-ie 1
fbb-ie 1
eeh-ie 1
85
2
bcge-if 16
bfce-if 6
86
1
baif-ig 2
87
3
bba-ih 1
cgh-ih 6
bcfj-ih 2
88
6
chf-ii 33
eig-ii 2
bacd-ii 2
dgc-ii 4
bacj-ii 10
bgfi-ii 3
89
4
dbi-ij 1
fbc-ij 1
bcd-ij 4
ife-ij 3
90
2
bei-ja 1
hij-ja 15
91
2
bhe-jb 1
bc-jb 1
92
6
hj-jc 2
gbe-jc 3
gii-jc 1
fci-jc 1
babi-jc 117
bbjg-jc 96
93
2
cae-jd 1
fhj-jd 1
94
6
bbi-je 2
bi-je 12
fcf-je 3
bfc-je 18
gdf-je 13
bfgb-je 5
95
3
dfc-jf 1
iae-jf 2
gbd-jf 3
96
3
ec-jg 1
beb-jg 3
daf-jg 93
97
6
ei-jh 1
ecj-jh 1
bcbf-jh 3
dai-jh 6
hib-jh 12
bbfg-jh 135
98
5
gbe-ji 1
idd-ji 2
bccj-ji 5
bdjh-ji 13
beaa-ji 3
99
3
dej-jj 3
bcee-jj 7
fgf-jj 5
100
4
bfg-baa 3
fhg-baa 4
efg-baa 20
dig-baa 21
101
4
chf-bab 6
ede-bab 3
jhg-bab 2
eic-bab 4
102
4
hj-bac 2
da-bac 1
gja-bac 10
bfe-bac 16
103
3
bfi-bad 1
bha-bad 3
jid-bad 4
104
4
cd-bae 1
bdga-bae 18
dgj-bae 2
ceg-bae 2
105
5
cgb-baf 1
cbg-baf 1
bcb-baf 2
cj-baf 3
bdbh-baf 15
106
6
dad-bag 1
ede-bag 1
fic-bag 1
bbfi-bag 1
baab-bag 1
bfce-bag 3
107
6
deg-bah 10
ddf-bah 1
hbf-bah 10
bbcc-bah 3
ifd-bah 9
gjh-bah 43
108
2
bda-bai 6
cfj-bai 9
109
6
db-baj 1
bda-baj 2
ddb-baj 1
chf-baj 2
eg-baj 3
cjg-baj 1
110
5
hi-bba 1
je-bba 2
dic-bba 2
gdc-bba 6
fbe-bba 5
111
4
bdh-bbb 1
edb-bbb 2
fdh-bbb 5
d-bbb 4
112
4
jje-bbc 7
gbg-bbc 1
chf-bbc 72
dgb-bbc 3
113
2
bja-bbd 1
gca-bbd 1
114
3
cie-bbe 1
ehd-bbe 3
cb-bbe 1
115
5
fj-bbf 3
bej-bbf 1
dfc-bbf 3
bage-bbf 25
bei-bbf 42
116
6
cbd-bbg 1
bbbj-bbg 5
gdc-bbg 15
eba-bbg 5
eg-bbg 8
iff-bbg 22
117
3
ehi-bbh 6
gjh-bbh 7
bacc-bbh 184
118
8
cea-bbi 1
beb-bbi 1
ib-bbi 1
gfd-bbi 6
cbb-bbi 2
ige-bbi 1
bech-bbi 2
beeh-bbi 102
119
5
eh-bbj 8
baja-bbj 3
bbag-bbj 8
fag-bbj 145
ige-bbj 2
120
6
cc-bca 1
bae-bca 1
eae-bca 3
gae-bca 2
cji-bca 3
gaf-bca 1
121
4
bbdg-bcb 10
fba-bcb 29
bdea-bcb 1
bbgc-bcb 8
122
5
jg-bcc 1
hgb-bcc 1
bebg-bcc 2
bbab-bcc 16
bbff-bcc 84
123
4
ddj-bcd 3
jec-bcd 4
eed-bcd 12
iie-bcd 1
124
8
bb-bce 1
ccc-bce 1
fed-bce 1
gef-bce 11
edi-bce 6
bi-bce 6
bagd-bce 6
gc-bce 6
125
4
deg-bcf 2
cea-bcf 4
ddj-bcf 3
gih-bcf 2
126
6
dbg-bcg 2
cah-bcg 1
bhj-bcg 1
g-bcg 2
hcj-bcg 1
dgg-bcg 1
127
6
bfc-bch 1
dfd-bch 1
ecb-bch 5
gad-bch 12
fbh-bch 11
bgbf-bch 4
128
7
bbc-bci 1
fi-bci 1
fag-bci 3
bagb-bci 15
bbhe-bci 61
bcbc-bci 9
bbf-bci 3
129
7
bbf-bcj 2
bah-bcj 3
cjh-bcj 1
eac-bcj 1
iff-bcj 27
cjg-bcj 1
icj-bcj 2
130
6
ia-bda 1
fbe-bda 1
dhg-bda 8
eh-bda 7
ffa-bda 51
dfj-bda 12
131
8
bfc-bdb 1
djh-bdb 2
bhb-bdb 2
cda-bdb 1
fib-bdb 1
jbg-bdb 2
efd-bdb 17
deh-bdb 6
132
9
bec-bdc 1
fee-bdc 25
bbfe-bdc 3
bbjh-bdc 5
bbah-bdc 3
fdc-bdc 8
jbg-bdc 6
cfc-bdc 2
bfea-bdc 15
133
5
bja-bdd 1
efa-bdd 1
bcgc-bdd 18
bjf-bdd 1
bece-bdd 8
134
6
bdh-bde 1
hhi-bde 1
iah-bde 3
bba-bde 2
gge-bde 3
beec-bde 2
135
6
hc-bdf 1
bhe-bdf 1
gbf-bdf 6
gea-bdf 15
hcg-bdf 36
bbab-bdf 15
136
7
ch-bdg 2
dhi-bdg 2
jdg-bdg 6
bahh-bdg 39
djj-bdg 2
cha-bdg 6
bbij-bdg 21
137
4
edg-bdh 3
feh-bdh 5
ce-bdh 3
jjg-bdh 9
138
6
ich-bdi 2
gci-bdi 12
iic-bdi 51
bcfj-bdi 1
bffi-bdi 1
jbe-bdi 2
139
6
igb-bdj 1
igg-bdj 2
bbbh-bdj 2
jfe-bdj 24
geh-bdj 31
hhc-bdj 3
140
3
dgb-bea 2
dgc-bea 9
fif-bea 1
141
7
cbg-beb 2
fe-beb 1
dci-beb 3
edh-beb 3
ffd-beb 1
djg-beb 3
hia-beb 32
142
8
hj-bec 10
eei-bec 3
bdh-bec 1
ii-bec 7
ica-bec 2
bdei-bec 17
hff-bec 1
hea-bec 18
143
5
cfa-bed 1
ica-bed 3
feh-bed 3
cd-bed 26
begd-bed 4
144
4
gjd-bee 6
dfg-bee 3
bbej-bee 2
bgbe-bee 220
145
4
bjd-bef 2
dai-bef 7
jei-bef 2
fgj-bef 6
146
5
bja-beg 1
ea-beg 1
bef-beg 3
fei-beg 3
hgd-beg 1
147
9
hi-beh 6
ef-beh 2
bab-beh 4
cia-beh 3
ih-beh 1
ccg-beh 2
ieh-beh 34
gdd-beh 1
jbj-beh 3
148
5
fge-bei 17
jbi-bei 3
bcgi-bei 12
becg-bei 1
jca-bei 36
149
5
cdi-bej 1
bdb-bej 1
dbi-bej 2
bec-bej 6
fif-bej 15
150
5
ddd-bfa 1
cjd-bfa 8
egg-bfa 2
cdf-bfa 2
ifi-bfa 1
151
2
fda-bfb 1
bdji-bfb 14
152
8
dhb-bfc 2
fbb-bfc 1
cei-bfc 2
fcb-bfc 2
ifh-bfc 3
gbi-bfc 5
dcb-bfc 51
bafi-bfc 6
153
3
cie-bfd 2
haa-bfd 3
jgi-bfd 2
154
5
cgh-bfe 5
hff-bfe 1
baea-bfe 13
dch-bfe 15
gbc-bfe 5
155
4
fdh-bff 1
gfe-bff 6
eec-bff 7
bcie-bff 3
156
7
bef-bfg 1
hj-bfg 4
fh-bfg 1
be-bfg 1
efi-bfg 3
hhe-bfg 5
bgac-bfg 32
157
4
baf-bfh 1
bae-bfh 1
eaa-bfh 3
gcj-bfh 1
158
7
bacf-bfi 1
ich-bfi 2
idg-bfi 6
jhe-bfi 1
gaa-bfi 104
ecj-bfi 1
bgci-bfi 198
159
5
ded-bfj 1
gce-bfj 1
gif-bfj 3
jjj-bfj 6
bii-bfj 5
160
2
efe-bga 5
hbd-bga 20
161
6
dff-bgb 1
hea-bgb 39
bahe-bgb 2
bcga-bgb 1
bedd-bgb 3
cgc-bgb 6
162
6
fd-bgc 1
ehc-bgc 1
cff-bgc 1
ffi-bgc 1
cgd-bgc 4
bdeh-bgc 6
163
5
f-bgd 1
gd-bgd 2
edg-bgd 9
dbj-bgd 1
bgdh-bgd 4
164
3
d-bge 2
hci-bge 7
jif-bge 7
165
4
bie-bgf 1
bd-bgf 1
baih-bgf 1
iaa-bgf 12
166
6
id-bgg 1
babe-bgg 2
ehg-bgg 23
bcaa-bgg 23
heh-bgg 17
bdde-bgg 4
167
5
dbg-bgh 7
cej-bgh 2
cgg-bgh 1
be-bgh 1
bfgh-bgh 5
168
8
cej-bgi 1
baa-bgi 2
eij-bgi 4
bhh-bgi 6
bc-bgi 2
cbi-bgi 14
dda-bgi 1
daj-bgi 27
169
5
djh-bgj 1
hbh-bgj 1
jai-bgj 2
hch-bgj 3
bffe-bgj 2
170
6
ddd-bha 1
edd-bha 1
bff-bha 1
bde-bha 2
bi-bha 3
gi-bha 28
171
5
cda-bhb 2
ih-bhb 3
hhd-bhb 16
fcb-bhb 3
bfbi-bhb 3
172
6
bfe-bhc 4
edf-bhc 2
eje-bhc 2
gfg-bhc 2
bbfd-bhc 36
bagf-bhc 11
173
4
bcb-bhd 1
hj-bhd 3
gii-bhd 2
eed-bhd 4
174
5
bgj-bhe 1
chd-bhe 3
ebi-bhe 1
cfe-bhe 7
daa-bhe 75
175
5
dgi-bhf 2
ech-bhf 3
ca-bhf 1
jga-bhf 1
bci-bhf 7
176
6
bci-bhg 1
cfi-bhg 2
baf-bhg 3
cdi-bhg 33
iga-bhg 4
babb-bhg 3
177
3
cch-bhh 3
efe-bhh 8
bai-bhh 3
178
5
cdb-bhi 1
eaj-bhi 15
ibh-bhi 9
gbb-bhi 3
bacb-bhi 1
179
6
hg-bhj 2
fha-bhj 3
ghd-bhj 3
cb-bhj 2
bafb-bhj 28
hbc-bhj 2
180
4
hi-bia 3
cch-bia 4
dac-bia 1
bjg-bia 1
181
3
hjj-bib 1
fhc-bib 1
eae-bib 135
182
3
baa-bic 3
hdc-bic 1
eee-bic 2
183
4
dec-bid 1
beh-bid 2
bef-bid 2
bajd-bid 1
184
11
bbc-bie 1
bae-bie 1
bef-bie 1
dbe-bie 1
bcc-bie 1
cdc-bie 1
cfe-bie 1
hdd-bie 6
eig-bie 3
bde-bie 3
bcai-bie 3
185
5
cji-bif 2
je-bif 1
bahf-bif 1
babf-bif 46
bgcg-bif 102
186
2
deg-big 4
bdde-big 2
187
4
ccj-bih 1
dcf-bih 9
hef-bih 2
bcff-bih 43
188
5
dfa-bii 2
bga-bii 3
ejd-bii 3
caj-bii 1
bcej-bii 6
189
6
bcj-bij 1
eab-bij 1
cha-bij 8
gfi-bij 1
cia-bij 6
ba-bij 1
190
3
dig-bja 1
ded-bja 15
dca-bja 163
191
4
db-bjb 3
bbee-bjb 9
bcdb-bjb 6
fed-bjb 2
192
5
ibe-bjc 3
bagc-bjc 1
eia-bjc 1
baad-bjc 10
ggh-bjc 1
193
3
bij-bjd 2
hdg-bjd 80
ghb-bjd 21
194
4
dgf-bje 1
eja-bje 1
ecd-bje 47
cga-bje 6
195
6
hie-bjf 1
hii-bjf 5
ecg-bjf 24
baff-bjf 227
bccc-bjf 1
hic-bjf 35
196
3
cec-bjg 1
dih-bjg 3
df-bjg 2
197
5
bcb-bjh 3
cd-bjh 7
gfd-bjh 1
jeb-bjh 2
djg-bjh 1
198
1
beeb-bji 29
199
4
jhe-bjj 15
edg-bjj 2
gci-bjj 29
baad-bjj 162
200
5
jgd-caa 1
ecb-caa 3
bafd-caa 3
hfg-caa 2
djj-caa 4
201
6
bdg-cab 15
daf-cab 1
bef-cab 2
cjd-cab 6
jca-cab 1
jbg-cab 2
202
5
cgd-cac 1
djc-cac 4
bbdh-cac 3
dbf-cac 18
fid-cac 17
203
3
edd-cad 1
ege-cad 2
icg-cad 2
204
8
cci-cae 1
bea-cae 1
gdi-cae 2
chb-cae 3
bcb-cae 12
jcd-cae 3
bccg-cae 9
hhb-cae 10
205
2
bafb-caf 63
gag-caf 3
206
3
cie-cag 12
fbi-cag 3
ebb-cag 3
207
6
cce-cah 2
fde-cah 1
fac-cah 2
ih-cah 2
bahc-cah 3
bebe-cah 9
208
1
jda-cai 1
209
4
jh-caj 1
eba-caj 1
eji-caj 3
ghh-caj 3
210
4
bfi-cba 1
bccb-cba 6
bbjf-cba 111
bgdd-cba 64
211
5
ca-cbb 1
be-cbb 2
da-cbb 1
cge-cbb 5
ihc-cbb 4
212
2
efg-cbc 139
bcdg-cbc 69
213
8
ehe-cbd 1
bif-cbd 2
chb-cbd 2
eag-cbd 6
bcdc-cbd 9
cec-cbd 3
jej-cbd 2
jfc-cbd 135
214
1
bbcc-cbe 50
215
2
cdj-cbf 1
bff-cbf 2
216
4
bdg-cbg 1
hjj-cbg 3
bbfi-cbg 37
becj-cbg 48
217
5
ej-cbh 2
bfg-cbh 1
caj-cbh 1
bhi-cbh 14
jhi-cbh 4
218
2
ede-cbi 63
ebh-cbi 2
219
5
db-cbj 2
dcf-cbj 3
hi-cbj 2
jec-cbj 1
gjj-cbj 11
220
5
bbi-cca 1
ihg-cca 1
ehi-cca 1
bbdb-cca 3
eea-cca 3
221
6
bjj-ccb 1
eig-ccb 1
ejj-ccb 1
d-ccb 1
ddd-ccb 2
jeh-ccb 2
222
3
eag-ccc 7
bcda-ccc 3
jfh-ccc 15
223
6
cjf-ccd 3
ecd-ccd 2
dhh-ccd 1
eae-ccd 1
feh-ccd 3
bajb-ccd 11
224
4
bdc-cce 1
daf-cce 1
hdf-cce 1
bceh-cce 5
225
7
dca-ccf 18
hcc-ccf 1
ghd-ccf 1
jeg-ccf 1
ihi-ccf 141
ga-ccf 12
bfdd-ccf 1
226
5
bih-ccg 1
ide-ccg 1
hde-ccg 1
bahi-ccg 3
hjh-ccg 1
227
3
baaf-cch 20
ice-cch 1
egd-cch 39
228
3
haf-cci 3
bgbg-cci 24
bbfd-cci 22
229
6
cch-ccj 3
eeb-ccj 6
gdf-ccj 5
hji-ccj 21
bch-ccj 1
j-ccj 1
230
3
dd-cda 2
jae-cda 1
ejd-cda 3
231
4
fcf-cdb 2
jaa-cdb 6
bff-cdb 3
ejg-cdb 79
232
6
ccj-cdc 2
gac-cdc 1
eb-cdc 1
fad-cdc 6
ddj-cdc 9
hjg-cdc 2
233
2
db-cdd 4
bebi-cdd 12
234
7
bjb-cde 1
fff-cde 1
bi-cde 2
bj-cde 1
gge-cde 5
hhb-cde 6
bdia-cde 4
235
5
iee-cdf 3
fjc-cdf 160
badh-cdf 3
bhj-cdf 6
dfa-cdf 2
236
6
bdf-cdg 3
eif-cdg 1
cid-cdg 1
gcf-cdg 3
dff-cdg 96
bfjd-cdg 6
237
3
gd-cdh 1
gfd-cdh 3
bbja-cdh 124
238
4
deb-cdi 2
jbc-cdi 3
j-cdi 14
beha-cdi 50
239
3
chh-cdj 1
ega-cdj 13
hgg-cdj 3
240
6
be-cea 1
cfi-cea 2
cac-cea 1
gbi-cea 3
jaj-cea 32
che-cea 21
241
6
bch-ceb 1
cii-ceb 1
dfe-ceb 3
bfj-ceb 5
dhh-ceb 3
bdea-ceb 135
242
4
bdg-cec 2
bbc-cec 1
bajb-cec 8
bad-cec 3
243
3
cah-ced 3
efg-ced 1
bbgc-ced 13
244
3
eej-cee 4
jhc-cee 1
ic-cee 9
245
4
dab-cef 5
bfi-cef 8
bbec-cef 1
bha-cef 9
246
4
bfa-ceg 1
cah-ceg 6
iag-ceg 5
gdg-ceg 5
247
4
bje-ceh 1
cic-ceh 1
eeg-ceh 2
gdd-ceh 2
248
5
bfb-cei 1
dgf-cei 2
ehj-cei 1
ddf-cei 1
fhi-cei 3
249
8
bda-cej 1
ef-cej 1
dif-cej 7
gig-cej 1
jej-cej 1
bbee-cej 13
bbeg-cej 15
bh-cej 23
250
5
eb-cfa 1
gei-cfa 39
hdi-cfa 6
ice-cfa 11
bdhb-cfa 51
251
7
fc-cfb 1
fgg-cfb 3
g-cfb 3
cea-cfb 2
gje-cfb 3
baga-cfb 2
fhe-cfb 6
252
3
eca-cfc 1
gef-cfc 4
ieg-cfc 2
253
6
ccg-cfd 2
cje-cfd 5
geb-cfd 4
a-cfd 1
bchd-cfd 17
bcdh-cfd 2
254
2
jf-cfe 2
ijc-cfe 10
255
5
egj-cff 1
hjf-cff 3
bafc-cff 20
hda-cff 8
ejg-cff 37
256
4
ej-cfg 12
bbdg-cfg 29
bfdb-cfg 20
gic-cfg 6
257
7
baj-cfh 1
bee-cfh 2
gbg-cfh 1
cid-cfh 2
fjh-cfh 3
bbee-cfh 3
cie-cfh 136
258
5
eec-cfi 2
chd-cfi 2
badf-cfi 2
bcfi-cfi 3
dhi-cfi 10
259
6
bd-cfj 1
beb-cfj 3
fh-cfj 1
dib-cfj 1
efb-cfj 1
cfi-cfj 15
260
6
chf-cga 5
cah-cga 1
cgd-cga 2
bhb-cga 10
chj-cga 3
bcjf-cga 55
261
4
dhd-cgb 1
da-cgb 21
gdf-cgb 10
deb-cgb 12
262
5
fji-cgc 1
hdb-cgc 2
ica-cgc 5
ee-cgc 2
hfc-cgc 4
263
6
dcj-cgd 3
dcf-cgd 21
bec-cgd 2
bafi-cgd 3
bafd-cgd 9
bajg-cgd 1
264
5
fh-cge 1
cci-cge 2
bfc-cge 6
hai-cge 1
bba-cge 3
265
4
fcc-cgf 19
gie-cgf 2
ibe-cgf 3
bgbh-cgf 22
266
5
bii-cgg 1
bdh-cgg 2
fhc-cgg 8
dib-cgg 1
bgae-cgg 2
267
5
hif-cgh 1
cag-cgh 9
babb-cgh 3
bdhc-cgh 291
hc-cgh 11
268
5
daf-cgi 2
djh-cgi 3
fdh-cgi 18
ia-cgi 1
baaa-cgi 128
269
4
eag-cgj 5
dgg-cgj 1
fei-cgj 2
ifi-cgj 6
270
6
dcb-cha 6
bhi-cha 1
dhj-cha 2
egj-cha 5
gfh-cha 4
ged-cha 9
271
3
eci-chb 2
fff-chb 5
bcbi-chb 12
272
4
hba-chc 2
jfb-chc 3
jhd-chc 19
bbfj-chc 6
273
4
dfj-chd 3
ebh-chd 3
cjc-chd 3
bfbg-chd 33
274
2
dbj-che 1
befj-che 22
275
5
did-chf 2
ehb-chf 1
hfb-chf 3
fch-chf 11
eca-chf 140
276
3
hja-chg 2
iab-chg 5
edh-chg 3
277
2
ca-chh 1
cid-chh 1
278
6
cee-chi 1
ibj-chi 3
hga-chi 1
bbea-chi 17
bbc-chi 62
jeh-chi 4
279
6
dia-chj 1
fg-chj 2
bgh-chj 1
jg-chj 1
fjd-chj 1
hhi-chj 5
280
4
eie-cia 4
jej-cia 3
cce-cia 1
jj-cia 2
281
5
eha-cib 63
hh-cib 4
bdhh-cib 44
bcce-cib 6
bdhb-cib 11
282
3
bbi-cic 1
igc-cic 1
dhi-cic 8
283
11
bdh-cid 3
dfa-cid 1
ehb-cid 2
fcf-cid 8
ebi-cid 4
fic-cid 1
dfd-cid 3
bii-cid 1
hgg-cid 3
cjb-cid 31
cab-cid 5
284
3
bih-cie 2
jfi-cie 267
gg-cie 129
285
8
dcb-cif 1
dgb-cif 2
dae-cif 2
gfe-cif 2
idd-cif 1
baed-cif 1
bbai-cif 3
bcja-cif 124
286
5
eef-cig 1
dge-cig 1
hbj-cig 6
hdd-cig 1
bbac-cig 2
287
2
cda-cih 1
icg-cih 62
288
6
cah-cii 2
dad-cii 2
gbi-cii 4
gc-cii 1
ggd-cii 5
baha-cii 19
289
3
bgi-cij 1
dgf-cij 6
ch-cij 3
290
5
ead-cja 4
ehg-cja 5
hcj-cja 9
ija-cja 3
bcaa-cja 9
291
3
jbi-cjb 4
bagh-cjb 3
beba-cjb 37
292
4
db-cjc 2
bada-cjc 25
bcih-cjc 9
bfgi-cjc 135
293
2
eje-cjd 3
bdaa-cjd 18
294
3
bbi-cje 4
cea-cje 8
fje-cje 1
295
2
cgb-cjf 2
dba-cjf 3
296
1
cgb-cjg 2
297
4
da-cjh 2
hhf-cjh 2
jfd-cjh 3
he-cjh 1
298
6
bee-cji 1
id-cji 3
hbd-cji 2
dbj-cji 1
bdce-cji 14
bdcg-cji 1
299
6
cc-cjj 2
bgh-cjj 3
fci-cjj 1
jah-cjj 91
bcie-cjj 3
bfeb-cjj 24
300
6
fh-daa 3
ih-daa 3
edd-daa 3
bbhc-daa 15
jjb-daa 18
bfde-daa 50
301
6
ede-dab 1
hi-dab 55
icf-dab 1
cjh-dab 1
bace-dab 3
bef-dab 5
302
5
de-dac 1
bgi-dac 3
fgc-dac 2
dce-dac 4
iid-dac 5
303
4
dab-dad 5
gfe-dad 15
gcb-dad 7
gfd-dad 42
304
4
ebf-dae 1
baaa-dae 3
fce-dae 12
bcib-dae 69
305
7
cha-daf 2
badi-daf 81
bdag-daf 1
bddb-daf 3
bdcb-daf 52
fbb-daf 23
jae-daf 5
306
3
eb-dag 1
jg-dag 1
hcd-dag 4
307
3
ihj-dah 2
ggg-dah 5
ehc-dah 5
308
5
chh-dai 1
ebd-dai 1
bafa-dai 6
ejb-dai 2
bchi-dai 10
309
6
dce-daj 3
ebb-daj 1
fae-daj 1
fhj-daj 9
dhe-daj 4
geh-daj 28
310
3
bff-dba 3
gdh-dba 4
hhj-dba 31
311
4
dfc-dbb 1
eaa-dbb 182
dgi-dbb 1
cjb-dbb 6
312
2
dah-dbc 6
hca-dbc 12
313
5
bfg-dbd 4
bbg-dbd 1
ceg-dbd 1
gcb-dbd 37
bdjf-dbd 10
314
3
dfh-dbe 2
dac-dbe 2
bcaf-dbe 21
315
7
gdc-dbf 1
gib-dbf 207
ei-dbf 1
dac-dbf 2
eid-dbf 3
bbcb-dbf 3
baad-dbf 9
316
3
dab-dbg 12
iag-dbg 202
ffg-dbg 2
317
5
cid-dbh 1
cdb-dbh 1
caa-dbh 3
gfj-dbh 1
fha-dbh 17
318
5
ch-dbi 2
eia-dbi 2
fah-dbi 2
edd-dbi 9
bcaa-dbi 6
319
6
cgb-dbj 1
cg-dbj 1
dad-dbj 5
gjf-dbj 5
dhd-dbj 8
bb-dbj 3
320
5
badg-dca 2
bdii-dca 38
jbi-dca 127
a-dca 1
bda-dca 30
321
6
efg-dcb 2
gbj-dcb 4
eda-dcb 24
gad-dcb 27
jia-dcb 3
fi-dcb 7
322
9
eie-dcc 1
chf-dcc 13
cdd-dcc 1
di-dcc 18
ddf-dcc 3
jah-dcc 30
heg-dcc 5
fbb-dcc 1
gdi-dcc 2
323
3
cg-dcd 3
cfg-dcd 3
gda-dcd 2
324
3
cce-dce 2
jef-dce 160
ebg-dce 3
325
5
bhe-dcf 3
fce-dcf 3
fea-dcf 6
cgb-dcf 8
bbja-dcf 30
326
2
cd-dcg 1
dca-dcg 10
327
4
cjc-dch 1
dh-dch 3
bdgc-dch 5
jai-dch 81
328
5
ehi-dci 6
cge-dci 1
ddg-dci 5
bcef-dci 15
dae-dci 5
329
5
bde-dcj 1
dhd-dcj 1
dbj-dcj 1
jcg-dcj 29
begb-dcj 6
330
4
dai-dda 3
cea-dda 1
bjj-dda 5
fjj-dda 1
331
6
cjb-ddb 1
ddd-ddb 2
eig-ddb 1
bcea-ddb 2
bdge-ddb 3
bbdj-ddb 2
332
5
beg-ddc 3
ia-ddc 1
bja-ddc 8
dac-ddc 4
bfjb-ddc 18
333
4
bci-ddd 3
gfa-ddd 1
hed-ddd 1
beef-ddd 19
334
8
ejf-dde 3
gaa-dde 1
bbj-dde 2
ghh-dde 18
dbe-dde 2
fbe-dde 2
ifj-dde 1
d-dde 12
335
7
chf-ddf 1
jh-ddf 1
bei-ddf 2
id-ddf 5
eij-ddf 12
eb-ddf 9
fcf-ddf 24
336
3
cdi-ddg 2
eid-ddg 15
cgc-ddg 3
337
4
ech-ddh 5
ef-ddh 7
edi-ddh 1
baa-ddh 37
338
6
cfa-ddi 1
ehd-ddi 4
fib-ddi 1
bjc-ddi 1
ef-ddi 3
jja-ddi 1
339
6
ehi-ddj 1
ecg-ddj 28
haa-ddj 16
ccd-ddj 1
ihj-ddj 4
dia-ddj 2
340
6
dia-dea 3
bgi-dea 6
ejd-dea 32
edh-dea 11
ief-dea 16
ebe-dea 3
341
5
hha-deb 1
fei-deb 7
hgj-deb 3
hfg-deb 6
cbi-deb 45
342
5
ba-dec 1
fdc-dec 5
bg-dec 2
bcgh-dec 7
bfg-dec 26
343
5
ihf-ded 28
gij-ded 21
bdbb-ded 3
ddc-ded 3
jab-ded 2
344
3
dej-dee 1
fji-dee 4
cia-dee 3
345
3
ceb-def 2
jfi-def 36
bajh-def 6
346
5
cdh-deg 1
cfb-deg 3
eec-deg 6
hia-deg 6
fhd-deg 15
347
4
gcf-deh 1
ifa-deh 2
iji-deh 3
dj-deh 4
348
1
fif-dei 3
349
4
dif-dej 6
babg-dej 6
bcah-dej 340
fda-dej 12
350
5
fie-dfa 8
hab-dfa 6
bfb-dfa 3
eai-dfa 3
ege-dfa 6
351
3
bde-dfb 2
ehb-dfb 3
e-dfb 36
352
5
ddc-dfc 1
eb-dfc 3
fgg-dfc 3
ca-dfc 3
fgj-dfc 6
353
6
bga-dfd 3
da-dfd 4
gcb-dfd 2
bbae-dfd 2
idj-dfd 33
bfcc-dfd 6
354
4
ii-dfe 9
badc-dfe 2
ejd-dfe 5
baac-dfe 34
355
5
jha-dff 1
ife-dff 3
hii-dff 87
gie-dff 28
heg-dff 7
356
3
cdj-dfg 1
dhf-dfg 3
eib-dfg 165
357
5
hg-dfh 1
fhb-dfh 22
fee-dfh 16
bbcb-dfh 13
beci-dfh 14
358
3
hgh-dfi 228
baac-dfi 1
egd-dfi 37
359
3
eb-dfj 2
ejd-dfj 1
bbah-dfj 18
360
5
g-dga 2
dgi-dga 1
fff-dga 18
cb-dga 1
bcdg-dga 57
361
1
bcae-dgb 16
362
5
bc-dgc 2
jic-dgc 11
fib-dgc 9
jja-dgc 1
bdbb-dgc 1
363
7
ebc-dgd 1
bfa-dgd 3
feh-dgd 2
badi-dgd 7
bajj-dgd 6
bbjf-dgd 11
ifb-dgd 3
364
6
ifc-dge 1
dc-dge 3
hcj-dge 3
bccf-dge 14
ef-dge 3
beaa-dge 5
365
4
dhf-dgf 1
jfj-dgf 2
bbba-dgf 23
bffd-dgf 2
366
2
bg-dgg 3
bced-dgg 3
367
1
idi-dgh 18
368
5
cgg-dgi 2
deb-dgi 11
bbf-dgi 1
ibf-dgi 6
ceb-dgi 1
369
4
gg-dgj 17
bea-dgj 9
bcab-dgj 6
ghb-dgj 3
370
3
ecg-dha 1
jhi-dha 1
dji-dha 2
371
3
ebh-dhb 8
d-dhb 4
bajb-dhb 9
372
7
dfg-dhc 1
ccd-dhc 1
dbg-dhc 171
bbce-dhc 24
jii-dhc 16
bdab-dhc 15
bbed-dhc 2
373
6
cdi-dhd 6
fhc-dhd 2
dgh-dhd 20
hfh-dhd 4
ije-dhd 17
baeg-dhd 22
374
6
dca-dhe 5
ieg-dhe 3
bbhi-dhe 26
ehb-dhe 1
bbii-dhe 17
bbhb-dhe 9
375
5
cjd-dhf 6
bcf-dhf 1
ebj-dhf 13
ich-dhf 3
baga-dhf 32
376
4
bfe-dhg 18
ida-dhg 2
beab-dhg 5
begf-dhg 1
377
5
dgf-dhh 6
bbb-dhh 3
bbh-dhh 3
bdac-dhh 10
gbg-dhh 3
378
6
ebh-dhi 3
fhf-dhi 5
fjf-dhi 2
bbbb-dhi 3
bcab-dhi 3
ihg-dhi 29
379
7
fce-dhj 4
idc-dhj 3
ddj-dhj 33
begh-dhj 5
idf-dhj 23
ecj-dhj 1
icc-dhj 3
380
4
bdc-dia 2
jcc-dia 1
hge-dia 2
ecg-dia 203
381
4
cfd-dib 3
bgg-dib 3
dhj-dib 9
ffd-dib 1
382
8
hc-dic 1
dih-dic 1
fh-dic 3
ebi-dic 4
hhd-dic 3
jff-dic 2
edj-dic 13
bbgj-dic 1
383
6
bab-did 3
ccj-did 1
dhg-did 3
hid-did 2
bgj-did 2
eii-did 1
384
6
dci-die 2
fig-die 1
fea-die 4
jeb-die 3
fac-die 21
baag-die 61
385
1
bbdh-dif 39
386
3
edj-dig 11
fcd-dig 36
hih-dig 8
387
2
fdg-dih 19
bbjg-dih 4
388
2
bage-dii 25
bdeg-dii 11
389
5
cga-dij 3
eai-dij 3
bacf-dij 3
hhe-dij 23
ici-dij 214
390
2
bhe-dja 2
bdhi-dja 2
391
2
eee-djb 3
jjj-djb 29
392
3
dba-djc 6
ddi-djc 7
jaj-djc 30
393
5
cie-djd 3
jdd-djd 1
jif-djd 1
ifd-djd 6
bejh-djd 5
394
7
he-dje 1
bbj-dje 4
dbi-dje 1
hag-dje 1
dbh-dje 1
ddc-dje 1
beaj-dje 53
395
1
eha-djf 1
396
7
baa-djg 2
cji-djg 2
bcc-djg 1
jbc-djg 1
hca-djg 8
bceg-djg 3
efi-djg 5
397
9
bdh-djh 1
djb-djh 2
bif-djh 3
ebi-djh 18
beca-djh 11
gai-djh 2
gdg-djh 8
cjc-djh 69
bdef-djh 48
398
4
cha-dji 3
cic-dji 2
hhj-dji 6
bahj-dji 2
399
6
caj-djj 1
egi-djj 1
dec-djj 9
dda-djj 2
bbc-djj 16
jib-djj 21
400
7
bif-eaa 1
ghi-eaa 2
hbg-eaa 1
bee-eaa 206
eji-eaa 2
jbb-eaa 1
hjj-eaa 24
401
4
fh-eab 2
chi-eab 7
bdha-eab 6
bbga-eab 51
402
5
bcc-eac 1
big-eac 1
bagg-eac 6
cej-eac 23
jhi-eac 1
403
4
chj-ead 1
dce-ead 3
caf-ead 8
dj-ead 1
404
7
fhi-eae 4
gai-eae 1
fed-eae 3
edd-eae 1
gdc-eae 3
icb-eae 223
bic-eae 4
405
4
jc-eaf 3
ghj-eaf 1
fde-eaf 3
fgj-eaf 5
406
5
ca-eag 2
hea-eag 3
gff-eag 10
cfa-eag 1
hgb-eag 2
407
5
cgd-eah 1
eca-eah 27
gdj-eah 7
bbcf-eah 235
bcaj-eah 8
408
4
efh-eai 3
ffa-eai 1
be-eai 2
bbec-eai 69
409
4
eae-eaj 3
dfj-eaj 1
jfa-eaj 3
beec-eaj 18
410
6
cee-eba 2
feb-eba 7
bjj-eba 2
gih-eba 3
bif-eba 126
bebc-eba 6
411
7
ebg-ebb 1
fac-ebb 1
fff-ebb 6
beb-ebb 7
ggb-ebb 4
iij-ebb 22
ffd-ebb 15
412
3
ecb-ebc 1
baej-ebc 3
bjg-ebc 1
413
8
cag-ebd 1
cbb-ebd 2
ejb-ebd 5
had-ebd 3
dgi-ebd 9
badb-ebd 42
bcce-ebd 8
bdae-ebd 53
414
5
dgb-ebe 1
hfg-ebe 1
df-ebe 9
ebb-ebe 4
bfhc-ebe 6
415
3
bge-ebf 1
fhf-ebf 2
ijf-ebf 3
416
3
dcf-ebg 2
fga-ebg 3
ghg-ebg 1
417
3
hdg-ebh 2
bahf-ebh 7
icg-ebh 168
418
3
ebd-ebi 2
ebc-ebi 2
hfe-ebi 29
419
5
ghd-ebj 4
jgc-ebj 77
ehi-ebj 19
igf-ebj 1
djj-ebj 24
420
5
dhi-eca 2
dbf-eca 6
jff-eca 3
eh-eca 23
jga-eca 198
421
2
daj-ecb 1
bchc-ecb 32
422
8
cd-ecc 4
edi-ecc 5
idf-ecc 3
gce-ecc 1
babd-ecc 3
fbe-ecc 3
bdie-ecc 2
bdch-ecc 69
423
3
fba-ecd 3
dha-ecd 3
jfj-ecd 237
424
4
ecd-ece 1
eaa-ece 7
ici-ece 2
eeh-ece 1
425
4
dh-ecf 1
dgb-ecf 3
cib-ecf 3
beh-ecf 15
426
3
dfa-ecg 4
bcca-ecg 250
fbc-ecg 4
427
5
fcf-ech 1
dbh-ech 6
bajd-ech 1
jjc-ech 13
hcd-ech 162
428
4
dh-eci 3
cei-eci 1
hcg-eci 34
jac-eci 13
429
3
gbj-ecj 2
fbc-ecj 4
ihi-ecj 10
430
7
dgb-eda 4
eai-eda 1
hbd-eda 2
igj-eda 3
dhf-eda 36
bbdb-eda 17
bdcg-eda 6
431
6
ff-edb 1
fb-edb 3
gec-edb 4
jj-edb 6
iia-edb 3
gdd-edb 12
432
4
bhb-edc 1
dci-edc 1
baa-edc 6
ihi-edc 3
433
6
bai-edd 1
dfa-edd 4
ebd-edd 2
gag-edd 3
bdh-edd 12
cbe-edd 42
434
4
ejb-ede 1
ffi-ede 11
jbb-ede 16
jh-ede 134
435
6
ci-edf 1
dic-edf 3
fah-edf 2
hba-edf 19
bdfe-edf 15
bdag-edf 3
436
5
ddc-edg 1
ggd-edg 6
jgh-edg 7
cde-edg 9
ie-edg 3
437
5
dah-edh 4
cfj-edh 3
bbgb-edh 43
hcd-edh 12
beb-edh 5
438
9
ccg-edi 1
cfj-edi 1
eja-edi 4
gah-edi 3
gie-edi 5
egf-edi 6
bjd-edi 2
bda-edi 2
baib-edi 3
439
3
cfb-edj 1
egj-edj 15
egf-edj 145
440
4
djh-eea 1
gcc-eea 3
igj-eea 1
bgj-eea 3
441
4
dec-eeb 3
hgh-eeb 6
bab-eeb 2
hei-eeb 4
442
3
bha-eec 3
hci-eec 17
dge-eec 16
443
4
gcd-eed 6
fcg-eed 33
iaa-eed 314
jhc-eed 9
444
3
fgi-eee 5
idg-eee 9
chb-eee 1
445
5
dej-eef 2
bdg-eef 27
jad-eef 1
bie-eef 2
bdcd-eef 4
446
6
dji-eeg 3
chg-eeg 1
cfe-eeg 2
dcc-eeg 2
bfc-eeg 6
badg-eeg 2
447
2
fbd-eeh 2
gbb-eeh 4
448
5
ejc-eei 1
fii-eei 4
bih-eei 10
haj-eei 2
beed-eei 208
449
4
chc-eej 1
bbif-eej 7
bcag-eej 6
bcih-eej 26
450
6
dhd-efa 1
egc-efa 1
cbb-efa 1
jia-efa 20
bccg-efa 9
hch-efa 18
451
3
eib-efb 2
ehc-efb 8
bbgj-efb 2
452
4
bhh-efc 3
fdg-efc 3
ehd-efc 10
hd-efc 1
453
3
igj-efd 1
iac-efd 3
fei-efd 96
454
2
ija-efe 6
bcdb-efe 260
455
5
fff-eff 6
hgf-eff 12
jge-eff 27
bbed-eff 3
bjf-eff 190
456
4
fii-efg 3
bcad-efg 104
bbj-efg 6
iib-efg 101
457
7
dci-efh 3
fde-efh 1
ibb-efh 2
bbeg-efh 3
ded-efh 27
iic-efh 31
igc-efh 12
458
3
eed-efi 4
icc-efi 2
eec-efi 9
459
6
efe-efj 3
gde-efj 3
fhc-efj 2
fje-efj 1
bbfa-efj 6
bbca-efj 6
460
8
cgd-ega 1
icf-ega 1
bja-ega 81
bbac-ega 1
cbg-ega 3
feh-ega 6
bac-ega 12
jca-ega 17
461
6
efi-egb 2
fdb-egb 2
cdg-egb 2
hic-egb 18
jg-egb 4
bcdf-egb 61
462
2
ddc-egc 3
ccj-egc 1
463
3
bbf-egd 1
bdhg-egd 7
cfa-egd 82
464
6
ecb-ege 4
fdb-ege 3
bg-ege 1
dbb-ege 2
ifi-ege 6
dib-ege 2
465
4
cha-egf 1
fge-egf 34
eae-egf 61
ifd-egf 79
466
5
die-egg 3
eaj-egg 11
ed-egg 1
jia-egg 6
idd-egg 16
467
2
cii-egh 1
iid-egh 8
468
4
cdi-egi 2
hef-egi 4
efa-egi 2
ghc-egi 1
469
6
ij-egj 1
dbi-egj 7
ibi-egj 2
jj-egj 6
baih-egj 12
jdg-egj 30
470
6
bjj-eha 1
eid-eha 1
bbi-eha 3
bcbi-eha 1
cgh-eha 239
fgd-eha 1
471
4
bfc-ehb 3
bj-ehb 1
fei-ehb 2
hib-ehb 81
472
2
cdh-ehc 6
iad-ehc 24
473
4
dfd-ehd 1
hcb-ehd 226
hjj-ehd 7
bffb-ehd 16
474
4
di-ehe 2
hje-ehe 5
ibh-ehe 37
bebj-ehe 8
475
5
caa-ehf 1
fag-ehf 3
hgh-ehf 1
cac-ehf 2
jgj-ehf 3
476
5
ddb-ehg 1
cgg-ehg 1
hda-ehg 15
edf-ehg 27
bdgh-ehg 13
477
5
dad-ehh 3
dcc-ehh 1
gcc-ehh 3
had-ehh 1
ecf-ehh 21
478
3
fef-ehi 3
bbeg-ehi 10
jfd-ehi 69
479
4
hbj-ehj 3
baeh-ehj 1
bcgj-ehj 11
eci-ehj 6
480
5
ddb-eia 3
efb-eia 1
bfa-eia 3
efc-eia 2
cjj-eia 1
481
4
dg-eib 1
bbbe-eib 50
iih-eib 130
bcji-eib 2
482
5
ebb-eic 1
fhi-eic 3
bdfb-eic 59
befh-eic 1
bfef-eic 38
483
6
hc-eid 3
bdg-eid 6
fbg-eid 1
ejg-eid 1
bddi-eid 3
bfhj-eid 9
484
5
gbb-eie 15
baf-eie 2
gcf-eie 2
bbaf-eie 1
ffj-eie 10
485
4
djj-eif 1
daa-eif 2
fdf-eif 6
hac-eif 1
486
4
ede-eig 2
edi-eig 4
fdf-eig 3
bfeh-eig 7
487
5
efh-eih 2
cag-eih 2
jc-eih 1
ifi-eih 3
daa-eih 2
488
4
bgb-eii 3
cfd-eii 3
fij-eii 1
bfdi-eii 28
489
5
bje-eij 1
dfg-eij 5
ief-eij 4
dcc-eij 8
jae-eij 15
490
3
iaj-eja 15
hej-eja 8
babi-eja 108
491
3
cdi-ejb 1
ibd-ejb 14
bhc-ejb 3
492
6
eia-ejc 4
daj-ejc 7
hgb-ejc 9
bcbe-ejc 43
gji-ejc 3
ggd-ejc 21
493
2
iic-ejd 2
ige-ejd 44
494
6
bfj-eje 5
gic-eje 3
ebj-eje 6
cif-eje 3
ege-eje 3
iei-eje 9
495
3
bgb-ejf 3
ecf-ejf 1
bfja-ejf 15
496
4
eb-ejg 5
ghb-ejg 4
chd-ejg 33
feg-ejg 101
497
4
bbi-ejh 1
egb-ejh 2
iaa-ejh 1
idi-ejh 1
498
5
cgh-eji 3
cdd-eji 3
dih-eji 2
hfb-eji 6
d-eji 5
499
2
chf-ejj 25
hif-ejj 3
500
5
dfb-faa 1
deg-faa 3
dhg-faa 3
ice-faa 5
bbba-faa 15
501
2
dbf-fab 2
dda-fab 1
502
5
cbh-fac 2
cbi-fac 2
hdh-fac 5
bbii-fac 27
hbc-fac 14
503
6
dih-fad 1
cfh-fad 1
iej-fad 19
baei-fad 77
bdjg-fad 15
fgd-fad 15
504
4
fej-fae 1
fje-fae 2
baba-fae 55
bdia-fae 44
505
3
ice-faf 1
bcja-faf 4
hid-faf 3
506
5
hcd-fag 6
jif-fag 1
ggd-fag 2
bahb-fag 6
dbf-fag 185
507
1
jbj-fah 3
508
4
bcj-fai 1
gdj-fai 1
fdh-fai 13
badj-fai 3
509
4
iii-faj 2
bhe-faj 9
ggb-faj 8
ga-faj 2
510
4
cdi-fba 3
bge-fba 1
dii-fba 5
bbdb-fba 130
511
5
fic-fbb 1
fid-fbb 3
geh-fbb 1
jih-fbb 3
jgi-fbb 22
512
4
eeg-fbc 3
fej-fbc 3
ejh-fbc 3
baag-fbc 3
513
5
bih-fbd 6
eai-fbd 2
hej-fbd 7
ejj-fbd 1
jhc-fbd 12
514
3
fgi-fbe 1
bajc-fbe 2
bceh-fbe 18
515
1
jbh-fbf 9
516
2
edb-fbg 4
dff-fbg 2
517
6
fdh-fbh 7
fgb-fbh 3
hca-fbh 2
ib-fbh 1
bc-fbh 5
bcjg-fbh 3
518
5
cfg-fbi 2
eah-fbi 1
ebf-fbi 5
dcc-fbi 1
bjb-fbi 9
519
6
hb-fbj 3
fdc-fbj 2
fch-fbj 4
ieg-fbj 3
beig-fbj 5
hdc-fbj 83
520
5
dce-fca 2
gaj-fca 12
bcie-fca 1
bccg-fca 12
jib-fca 3
521
5
bhb-fcb 3
fij-fcb 1
h-fcb 2
bcdf-fcb 46
hbb-fcb 7
522
4
gbd-fcc 9
gic-fcc 9
fjh-fcc 5
bfca-fcc 72
523
4
cae-fcd 2
ghf-fcd 2
hib-fcd 2
cba-fcd 71
524
3
gjh-fce 2
gia-fce 15
baec-fce 57
525
7
ejd-fcf 1
ehe-fcf 32
ebi-fcf 6
bff-fcf 3
cgf-fcf 2
baib-fcf 12
cce-fcf 3
526
4
bcah-fcg 2
gcc-fcg 32
bbe-fcg 2
eig-fcg 2
527
8
ecb-fch 11
fcf-fch 3
hfc-fch 1
eae-fch 11
cjb-fch 1
bcee-fch 7
beaj-fch 3
bfgh-fch 1
528
7
fhg-fci 2
iba-fci 11
dfd-fci 1
dei-fci 3
iei-fci 1
dfh-fci 11
bbea-fci 8
529
5
egd-fcj 2
ffb-fcj 2
ghc-fcj 1
hge-fcj 4
heb-fcj 1
530
6
bhj-fda 3
edf-fda 12
gca-fda 1
bhi-fda 12
cfd-fda 15
bbbd-fda 21
531
4
ffg-fdb 1
eha-fdb 180
bcga-fdb 1
def-fdb 21
532
6
dad-fdc 2
cif-fdc 6
eg-fdc 1
bbjb-fdc 2
dhh-fdc 4
bahi-fdc 17
533
9
bei-fdd 4
baei-fdd 44
baif-fdd 1
edd-fdd 34
dfb-fdd 3
hid-fdd 9
eaf-fdd 6
bfha-fdd 8
bfie-fdd 2
534
3
egb-fde 1
fih-fde 1
jj-fde 3
535
6
fbj-fdf 3
cgg-fdf 5
gdc-fdf 10
bade-fdf 2
fdg-fdf 9
ibe-fdf 57
536
5
bhi-fdg 2
gje-fdg 3
gbh-fdg 3
bach-fdg 17
bdhg-fdg 7
537
7
cjd-fdh 4
ffa-fdh 8
hjd-fdh 3
deb-fdh 33
cdc-fdh 4
bcjh-fdh 2
gf-fdh 1
538
2
bh-fdi 1
jii-fdi 27
539
2
hbh-fdj 9
bdfh-fdj 63
540
5
caf-fea 1
bbia-fea 24
bceb-fea 8
bdcd-fea 25
ee-fea 1
541
6
ieb-feb 48
hgh-feb 2
ibd-feb 11
ih-feb 1
dfh-feb 13
cid-feb 1
542
3
ffe-fec 3
bfcg-fec 137
bfij-fec 18
543
5
eac-fed 1
fdh-fed 2
bbhb-fed 12
fjd-fed 1
hdi-fed 18
544
5
fff-fee 4
be-fee 2
ihf-fee 10
bbaa-fee 15
ecb-fee 10
545
5
dfe-fef 6
bbfh-fef 10
bdad-fef 1
je-fef 41
bfdg-fef 216
546
6
bd-feg 3
ihh-feg 1
bi-feg 3
ijc-feg 1
hgh-feg 96
bcgj-feg 4
547
5
bch-feh 1
bbdc-feh 1
hei-feh 4
chc-feh 1
djg-feh 17
548
6
fbi-fei 3
dbc-fei 1
ffc-fei 3
eeg-fei 9
bcgi-fei 8
begd-fei 90
549
4
eji-fej 1
gcg-fej 3
hhe-fej 3
dfe-fej 3
550
5
df-ffa 1
dce-ffa 1
gch-ffa 21
idb-ffa 12
bfef-ffa 42
551
7
dab-ffb 21
cbd-ffb 1
gda-ffb 1
ica-ffb 11
i-ffb 3
jfe-ffb 4
cfd-ffb 3
552
4
bdj-ffc 2
ejg-ffc 1
bgc-ffc 5
hbb-ffc 19
553
3
jaf-ffd 1
dij-ffd 18
eia-ffd 2
554
2
baba-ffe 3
hdc-ffe 10
555
6
edi-fff 3
fgj-fff 2
jbf-fff 6
baae-fff 10
baj-fff 6
hfd-fff 12
556
1
ffi-ffg 3
557
2
fja-ffh 1
e-ffh 15
558
5
fed-ffi 1
gaj-ffi 2
bcdd-ffi 7
cif-ffi 3
cdj-ffi 5
559
4
dfd-ffj 3
gih-ffj 3
gfi-ffj 17
baid-ffj 5
560
8
cie-fga 3
gei-fga 7
eae-fga 13
igi-fga 5
bdib-fga 1
ceb-fga 1
bbhg-fga 1
bhe-fga 26
561
3
eei-fgb 4
gff-fgb 192
dba-fgb 8
562
5
dbd-fgc 3
cjb-fgc 2
jad-fgc 1
dgd-fgc 3
bagf-fgc 39
563
6
dij-fgd 3
bie-fgd 1
ffa-fgd 3
fb-fgd 2
bfff-fgd 12
bfic-fgd 26
564
2
gjf-fge 48
ibf-fge 3
565
2
def-fgf 1
ha-fgf 6
566
2
bih-fgg 2
ice-fgg 3
567
3
dbh-fgh 4
jcf-fgh 14
jjf-fgh 6
568
4
eeh-fgi 5
bcbi-fgi 3
hjf-fgi 2
dfg-fgi 157
569
4
egh-fgj 1
bdc-fgj 10
gbh-fgj 1
ghj-fgj 105
570
3
bfi-fha 3
fhc-fha 16
bfig-fha 1
571
5
feb-fhb 3
hfe-fhb 1
beaa-fhb 3
bfcb-fhb 237
beeb-fhb 64
572
5
bbi-fhc 17
hch-fhc 4
bfed-fhc 242
ijj-fhc 4
bgea-fhc 12
573
4
dgi-fhd 2
dea-fhd 1
cih-fhd 7
hic-fhd 6
574
5
dic-fhe 2
ebh-fhe 7
gge-fhe 3
hci-fhe 6
jbe-fhe 3
575
2
gad-fhf 4
ffb-fhf 2
576
4
da-fhg 3
fjc-fhg 9
jbb-fhg 1
bbfh-fhg 15
577
1
cba-fhh 1
578
4
bja-fhi 75
idd-fhi 1
jcb-fhi 25
bcgj-fhi 12
579
5
ii-fhj 4
fgf-fhj 1
gaj-fhj 2
fag-fhj 6
bgde-fhj 3
580
4
cdd-fia 1
bb-fia 1
gcc-fia 34
hga-fia 6
581
3
fgb-fib 12
gjb-fib 2
bag-fib 2
582
6
cif-fic 1
ifh-fic 1
ijd-fic 1
cea-fic 25
hgg-fic 3
bgaj-fic 49
583
6
fh-fid 1
cdd-fid 1
hh-fid 5
bbaa-fid 201
cih-fid 26
gif-fid 7
584
3
efe-fie 15
ffb-fie 1
bccf-fie 10
585
4
bbc-fif 1
ibj-fif 4
bfcg-fif 8
gge-fif 24
586
6
bjc-fig 1
gfa-fig 1
eib-fig 13
dec-fig 6
ejg-fig 5
bfj-fig 3
587
3
ed-fih 1
id-fih 3
bcc-fih 1
588
4
haf-fii 2
bagb-fii 9
gde-fii 7
bcfh-fii 4
589
3
fdf-fij 2
ebj-fij 5
bdfi-fij 2
590
2
cih-fja 1
edj-fja 27
591
9
egg-fjb 1
gcg-fjb 3
cij-fjb 4
hc-fjb 2
caa-fjb 6
hae-fjb 51
cja-fjb 1
gef-fjb 34
bggb-fjb 6
592
5
dbg-fjc 5
baee-fjc 2
bcff-fjc 5
cie-fjc 230
hdf-fjc 24
593
2
ecc-fjd 1
cif-fjd 3
594
3
fba-fje 5
hci-fje 6
bbac-fje 6
595
3
fhc-fjf 3
jhf-fjf 2
bahg-fjf 2
596
2
bhg-fjg 1
bcfe-fjg 6
597
5
fdf-fjh 1
ei-fjh 1
ddd-fjh 1
baij-fjh 6
g-fjh 3
598
9
ejc-fji 3
ehf-fji 2
hh-fji 1
bgb-fji 1
iga-fji 10
cdf-fji 3
jbi-fji 13
bddi-fji 3
fij-fji 3
599
3
ddi-fjj 3
bbg-fjj 9
gj-fjj 3
600
3
gie-gaa 1
gbb-gaa 5
bacj-gaa 221
601
3
ca-gab 3
ejg-gab 1
gdh-gab 254
602
1
cca-gac 1
603
5
bf-gad 6
bjc-gad 4
hij-gad 39
jjh-gad 9
bdfe-gad 72
604
6
bd-gae 3
jci-gae 2
hca-gae 3
bfi-gae 9
eig-gae 1
ghc-gae 3
605
1
bjh-gaf 1
606
4
dgc-gag 3
jij-gag 3
bahg-gag 1
bcba-gag 1
607
5
cjc-gah 2
fac-gah 4
cdd-gah 3
iaf-gah 17
ici-gah 2
608
2
daa-gai 1
gff-gai 2
609
2
di-gaj 168
bcde-gaj 29
610
5
gcb-gba 1
hgc-gba 4
bbge-gba 74
fdi-gba 7
bbib-gba 51
611
6
eja-gbb 22
efh-gbb 1
cgb-gbb 7
dhf-gbb 10
becb-gbb 2
bfjj-gbb 12
612
6
bbh-gbc 1
ga-gbc 1
baab-gbc 20
bej-gbc 1
bbhc-gbc 4
hb-gbc 3
613
4
gca-gbd 2
fcb-gbd 12
cg-gbd 3
bbcd-gbd 12
614
1
bgfd-gbe 219
615
4
fgd-gbf 7
bbeh-gbf 4
ccj-gbf 8
bdcf-gbf 7
616
4
dga-gbg 3
hhb-gbg 4
bbcb-gbg 6
dhh-gbg 15
617
2
dje-gbh 3
ff-gbh 18
618
7
ej-gbi 3
dbi-gbi 4
ifc-gbi 20
bacg-gbi 5
cfd-gbi 1
dib-gbi 1
bbeh-gbi 18
619
4
gch-gbj 9
eaa-gbj 3
jej-gbj 4
bbfi-gbj 62
620
7
ddd-gca 2
gfd-gca 2
hbg-gca 3
iid-gca 1
haj-gca 3
jig-gca 1
bbfc-gca 1
621
6
cab-gcb 14
bch-gcb 1
bafh-gcb 3
jca-gcb 2
bbbb-gcb 1
bfbd-gcb 26
622
8
iie-gcc 2
baad-gcc 2
gaj-gcc 2
baee-gcc 5
bbii-gcc 3
ejb-gcc 3
bafc-gcc 25
cdh-gcc 36
623
4
ja-gcd 1
egf-gcd 10
bbjd-gcd 2
bgbi-gcd 1
624
3
fai-gce 3
dhb-gce 1
bdfi-gce 1
625
3
daf-gcf 1
cgj-gcf 6
baii-gcf 5
626
4
chg-gcg 1
hgd-gcg 2
cce-gcg 1
ijg-gcg 12
627
5
eja-gch 2
cih-gch 5
ffb-gch 1
fjh-gch 3
bdc-gch 37
628
6
fdc-gci 2
gid-gci 3
bga-gci 15
ghh-gci 1
cea-gci 18
igb-gci 42
629
2
ebb-gcj 17
ged-gcj 3
630
2
bdcf-gda 6
ihh-gda 17
631
4
bdci-gdb 5
cb-gdb 1
bbg-gdb 8
eah-gdb 249
632
5
gbe-gdc 4
ifc-gdc 12
igj-gdc 4
babf-gdc 7
cah-gdc 7
633
4
dgb-gdd 3
hfi-gdd 2
efh-gdd 2
bcag-gdd 7
634
4
gah-gde 2
hed-gde 1
baeb-gde 21
cdd-gde 6
635
4
bhc-gdf 4
gfe-gdf 34
hjh-gdf 3
bchf-gdf 44
636
5
db-gdg 4
gfd-gdg 1
hag-gdg 21
bddj-gdg 78
bajh-gdg 8
637
4
if-gdh 1
iih-gdh 1
bdfd-gdh 6
jci-gdh 295
638
1
jcc-gdi 3
639
3
gjg-gdj 9
cei-gdj 1
dib-gdj 3
640
4
eaa-gea 5
edi-gea 6
cda-gea 2
dea-gea 15
641
5
eff-geb 1
fcb-geb 1
hfa-geb 3
hhd-geb 15
begg-geb 4
642
2
ffc-gec 3
ihd-gec 12
643
1
bdbj-ged 12
644
1
dda-gee 3
645
3
gfh-gef 2
dfi-gef 39
bdgj-gef 9
646
4
baaa-geg 3
cie-geg 8
bfcj-geg 16
gaj-geg 4
647
4
gah-geh 2
iai-geh 3
bjh-geh 2
jg-geh 77
648
4
iba-gei 13
daf-gei 26
eeb-gei 1
ffa-gei 6
649
5
bge-gej 2
gda-gej 2
hgi-gej 26
fec-gej 15
cab-gej 3
650
2
hbc-gfa 11
bgeg-gfa 12
651
4
g-gfb 3
jhj-gfb 217
gfj-gfb 3
bcbi-gfb 3
652
3
bcb-gfc 5
baha-gfc 5
bche-gfc 3
653
3
gch-gfd 17
hjb-gfd 3
bdbg-gfd 42
654
3
bif-gfe 4
hfa-gfe 3
baci-gfe 54
655
7
ehe-gff 18
bga-gff 6
egf-gff 11
jbi-gff 2
eci-gff 2
idi-gff 243
hh-gff 5
656
4
cef-gfg 1
chc-gfg 1
jaj-gfg 1
bahh-gfg 15
657
4
bi-gfh 1
ffb-gfh 3
iga-gfh 5
jaj-gfh 3
658
5
ech-gfi 5
ghc-gfi 1
jeh-gfi 1
becd-gfi 99
dbd-gfi 1
659
1
bdba-gfj 8
660
2
bhe-gga 18
gbc-gga 1
661
3
bee-ggb 5
eae-ggb 12
bej-ggb 1
662
2
id-ggc 5
bgae-ggc 15
663
4
djj-ggd 4
igd-ggd 3
cjh-ggd 2
jhh-ggd 24
664
9
eeb-gge 1
ehc-gge 7
gaj-gge 2
bdc-gge 9
beg-gge 3
beai-gge 4
ifg-gge 3
efd-gge 62
bfid-gge 7
665
5
feh-ggf 6
ibj-ggf 2
jfj-ggf 27
bcdj-ggf 2
hab-ggf 3
666
4
caf-ggg 2
bih-ggg 3
die-ggg 8
dij-ggg 207
667
1
cab-ggh 3
668
3
cbc-ggi 1
cgh-ggi 30
bfc-ggi 9
670
4
gdh-gha 10
ifc-gha 18
gii-gha 4
bfgj-gha 1
671
6
ccg-ghb 1
bbff-ghb 5
bbfg-ghb 30
idb-ghb 23
bgef-ghb 10
bgae-ghb 12
672
8
efi-ghc 2
fhi-ghc 19
fea-ghc 2
cib-ghc 24
jjf-ghc 1
begg-ghc 5
beid-ghc 56
bch-ghc 18
673
3
did-ghd 7
egj-ghd 35
bae-ghd 3
674
3
cji-ghe 4
ccb-ghe 3
ggg-ghe 2
675
1
ggb-ghf 7
676
4
fhb-ghg 8
dhh-ghg 2
cej-ghg 3
fdj-ghg 1
677
3
bacj-ghh 3
fdi-ghh 2
cbc-ghh 18
678
4
bge-ghi 1
cic-ghi 5
daf-ghi 39
hai-ghi 7
679
5
eig-ghj 3
fcd-ghj 8
fdb-ghj 1
hec-ghj 4
bcbc-ghj 105
680
4
ccg-gia 1
ied-gia 5
hbf-gia 5
egg-gia 6
681
3
ehj-gib 1
cic-gib 3
bbhf-gib 203
682
5
fed-gic 4
gge-gic 1
bjc-gic 2
bbga-gic 1
dhi-gic 20
683
2
ddg-gid 3
cjj-gid 121
684
3
iih-gie 45
ihe-gie 1
ici-gie 7
685
4
jea-gif 47
bcdi-gif 7
bcig-gif 22
hge-gif 150
686
4
cec-gig 1
bbe-gig 1
gj-gig 1
ijf-gig 2
687
5
fic-gih 3
baai-gih 3
die-gih 20
bbfb-gih 2
badc-gih 81
688
3
cgf-gii 1
ib-gii 6
baab-gii 22
689
5
bei-gij 11
fgh-gij 3
ibd-gij 19
ehf-gij 6
ehh-gij 5
690
2
ecd-gja 12
bajc-gja 2
691
1
ebc-gjb 1
692
5
hg-gjc 6
ca-gjc 2
hji-gjc 83
gbe-gjc 149
behb-gjc 125
693
1
gad-gjd 4
694
4
b-gje 3
eca-gje 3
bhc-gje 27
bbdf-gje 10
695
3
dig-gjf 33
hdh-gjf 15
ieg-gjf 54
696
6
dci-gjg 1
bbic-gjg 15
egg-gjg 9
bdda-gjg 24
behg-gjg 30
bfb-gjg 9
697
3
cje-gjh 1
dfd-gjh 9
cbg-gjh 68
698
2
ghe-gji 2
bbgf-gji 1
699
4
cg-gjj 1
fbi-gjj 1
hhe-gjj 2
iii-gjj 10
700
4
bjj-haa 11
dg-haa 4
dbe-haa 5
bcea-haa 22
701
3
gc-hab 3
fij-hab 4
bcfg-hab 6
702
3
gdb-hac 6
eif-hac 1
bcbg-hac 3
703
1
iec-had 6
704
5
ije-hae 7
idb-hae 15
chi-hae 74
bbic-hae 108
hea-hae 29
705
5
gic-haf 2
bbcd-haf 3
jji-haf 3
jda-haf 405
cdd-haf 2
706
6
dfg-hag 3
dic-hag 6
hje-hag 33
bcgb-hag 8
beje-hag 3
ecj-hag 4
707
4
dcd-hah 1
ghg-hah 1
efj-hah 17
fda-hah 51
708
2
hfh-hai 12
bce-hai 3
709
1
bdjj-haj 132
710
3
gee-hba 1
bega-hba 9
bdbi-hba 21
711
4
eee-hbb 3
cfb-hbb 8
cgj-hbb 4
fac-hbb 22
712
3
ffc-hbc 20
jdg-hbc 19
bdif-hbc 1
713
6
eij-hbd 7
iah-hbd 2
jjf-hbd 2
bei-hbd 12
bcbd-hbd 2
bdff-hbd 96
714
3
fji-hbe 31
edh-hbe 1
fc-hbe 49
715
3
fcf-hbf 17
dga-hbf 2
jf-hbf 3
716
5
gde-hbg 12
ife-hbg 15
egh-hbg 7
jh-hbg 5
bdjf-hbg 17
717
3
dbj-hbh 3
babe-hbh 90
ci-hbh 42
718
2
egd-hbi 6
jfh-hbi 14
719
2
jge-hbj 48
bedf-hbj 156
720
7
g-hca 1
hcf-hca 6
ejj-hca 1
cib-hca 4
jid-hca 5
ead-hca 4
ibe-hca 11
721
5
cha-hcb 1
jba-hcb 1
bahd-hcb 210
bdfa-hcb 7
ffe-hcb 6
722
2
cie-hcc 2
iee-hcc 2
723
5
hhf-hcd 1
bgi-hcd 39
jee-hcd 153
ghf-hcd 1
bdhb-hcd 10
724
7
gfj-hce 1
eab-hce 7
bde-hce 1
dha-hce 2
beaf-hce 5
ejf-hce 11
bchf-hce 10
725
5
cih-hcf 7
b-hcf 24
hhc-hcf 9
gad-hcf 84
bbae-hcf 12
726
4
ja-hcg 14
jjg-hcg 3
ibf-hcg 49
baed-hcg 23
727
4
fci-hch 9
jcb-hch 3
gdg-hch 11
ghe-hch 3
728
5
geh-hci 12
baef-hci 3
bdff-hci 12
fbf-hci 5
ggi-hci 29
729
6
eec-hcj 15
hdb-hcj 1
ejb-hcj 3
bbbg-hcj 1
jd-hcj 2
bbgd-hcj 31
730
5
eda-hda 1
ffb-hda 17
ea-hda 2
dec-hda 22
idc-hda 8
731
4
fei-hdb 3
jh-hdb 1
bejg-hdb 36
bfhg-hdb 108
732
5
cbi-hdc 3
jbf-hdc 27
bdac-hdc 26
gig-hdc 2
befb-hdc 40
733
4
ejb-hdd 2
bdg-hdd 28
cih-hdd 2
bcf-hdd 2
734
3
gdj-hde 1
bbjf-hde 11
jfh-hde 32
735
5
fad-hdf 1
gbh-hdf 15
bbha-hdf 35
dci-hdf 11
bcfg-hdf 3
736
3
eba-hdg 2
fjc-hdg 96
dac-hdg 5
737
3
fec-hdh 15
ihb-hdh 8
baga-hdh 1
738
3
bic-hdi 2
iae-hdi 3
beah-hdi 30
739
4
bci-hdj 2
eci-hdj 11
haa-hdj 21
jbj-hdj 2
740
8
fdf-hea 15
jjg-hea 6
jb-hea 1
djb-hea 24
bdfd-hea 7
cb-hea 3
befg-hea 39
bcji-hea 5
741
2
fab-heb 1
icg-heb 7
742
4
fai-hec 11
bdhc-hec 39
bdda-hec 10
bfjg-hec 14
743
3
ffe-hed 5
bcbg-hed 10
bfei-hed 2
744
3
gbf-hee 12
ijb-hee 1
bfhd-hee 30
745
5
beg-hef 2
bge-hef 1
gha-hef 2
bjd-hef 96
bfch-hef 15
746
2
bcdd-heg 14
fid-heg 1
747
4
hii-heh 27
ggc-heh 5
ed-heh 2
dcb-heh 6
748
3
ie-hei 1
fad-hei 4
if-hei 9
749
4
gcc-hej 2
cec-hej 9
ccd-hej 5
bgbd-hej 11
750
4
dgc-hfa 6
jhg-hfa 2
bdi-hfa 1
befe-hfa 3
751
5
egc-hfb 3
icd-hfb 14
gc-hfb 4
beh-hfb 3
bff-hfb 6
752
3
gab-hfc 1
gjh-hfc 10
bcdc-hfc 4
753
4
ddc-hfd 1
bad-hfd 3
bcec-hfd 2
eih-hfd 8
754
4
dfb-hfe 1
gac-hfe 2
bahd-hfe 18
ejg-hfe 9
755
3
hge-hff 2
bacc-hff 1
bbci-hff 1
756
3
gfd-hfg 8
ij-hfg 1
bbac-hfg 189
757
5
eci-hfh 1
ihf-hfh 6
ede-hfh 36
ibb-hfh 2
bbaj-hfh 3
758
3
heb-hfi 1
eci-hfi 13
beih-hfi 270
759
3
gaa-hfj 12
jfc-hfj 3
bfhi-hfj 86
760
2
fdb-hga 6
bbg-hga 31
761
6
iaj-hgb 3
bdf-hgb 3
gcc-hgb 4
dfj-hgb 3
hfc-hgb 11
bccd-hgb 4
762
4
dej-hgc 5
hje-hgc 36
fea-hgc 9
fia-hgc 27
763
2
bbfa-hgd 14
bedb-hgd 10
764
3
efg-hge 15
jdc-hge 2
beff-hge 164
765
4
bci-hgf 2
fea-hgf 7
icd-hgf 14
bafe-hgf 24
766
3
ddc-hgg 3
baib-hgg 3
ehf-hgg 3
767
2
deg-hgh 9
dej-hgh 349
768
4
hah-hgi 1
baai-hgi 2
cdb-hgi 18
baja-hgi 69
769
1
bbjj-hgj 1
770
6
ii-hha 6
ihj-hha 32
hdd-hha 8
bi-hha 3
baad-hha 6
dag-hha 1
771
5
fj-hhb 1
dfa-hhb 4
bbaa-hhb 12
bbaj-hhb 2
gfa-hhb 6
772
3
fhc-hhc 2
eia-hhc 1
beff-hhc 46
773
4
ch-hhd 1
gaa-hhd 111
bdec-hhd 15
bbd-hhd 1
774
5
gja-hhe 3
fcd-hhe 2
dji-hhe 4
eff-hhe 28
bdfa-hhe 5
775
4
ed-hhf 1
dag-hhf 3
bafj-hhf 7
bcf-hhf 7
776
4
bcd-hhg 2
hbb-hhg 9
ga-hhg 2
dgd-hhg 18
777
2
ebd-hhh 2
haa-hhh 3
778
2
dcj-hhi 1
bdci-hhi 27
779
6
beb-hhj 8
idc-hhj 1
hie-hhj 5
cbg-hhj 2
jec-hhj 15
bfag-hhj 46
780
3
dbf-hia 4
bbie-hia 7
jdd-hia 31
781
3
ccc-hib 1
bbi-hib 88
bbfb-hib 6
782
4
chh-hic 2
dhd-hic 15
dcc-hic 12
bgcf-hic 80
783
1
bgdg-hid 15
784
2
bjg-hie 2
bgbb-hie 6
785
3
fje-hif 11
cii-hif 7
ggc-hif 9
786
2
fig-hig 15
che-hig 2
787
5
eii-hih 3
iaf-hih 11
ddh-hih 50
bfg-hih 4
bdbe-hih 3
788
4
fej-hii 2
djb-hii 6
jaj-hii 6
cgi-hii 141
789
6
fj-hij 2
hag-hij 4
dif-hij 18
bbbd-hij 2
jff-hij 5
bji-hij 24
790
2
fae-hja 15
gbd-hja 11
791
3
cfh-hjb 147
bde-hjb 4
cbb-hjb 5
792
7
hcc-hjc 3
edj-hjc 1
ifd-hjc 2
gaj-hjc 3
bbfi-hjc 58
bfhe-hjc 56
hbi-hjc 2
793
2
fef-hjd 270
bbd-hjd 3
794
2
fgj-hje 98
bdja-hje 153
795
3
gid-hjf 3
edj-hjf 108
beji-hjf 24
796
7
cfa-hjg 7
gci-hjg 3
eda-hjg 3
igd-hjg 1
jgg-hjg 4
gdj-hjg 3
jdh-hjg 3
797
2
caj-hjh 4
bcg-hjh 2
798
3
bba-hji 2
iac-hji 1
hfj-hji 100
799
7
bgc-hjj 4
fe-hjj 2
bace-hjj 3
fgd-hjj 21
gah-hjj 19
beea-hjj 1
cjf-hjj 2
800
6
cij-iaa 1
deb-iaa 3
eef-iaa 1
jcg-iaa 148
ead-iaa 4
dhc-iaa 182
801
3
cdh-iab 3
ech-iab 106
bdbh-iab 19
802
3
eic-iac 4
hbi-iac 18
hia-iac 6
803
5
cba-iad 2
d-iad 3
jcd-iad 1
cgd-iad 18
dd-iad 1
804
5
cib-iae 1
bcd-iae 12
cdf-iae 166
cjg-iae 1
fjd-iae 2
805
4
ejf-iaf 4
gjf-iaf 44
jd-iaf 1
ecj-iaf 4
806
4
bage-iag 200
ihd-iag 9
ejg-iag 8
begg-iag 4
807
2
fei-iah 2
dad-iah 7
808
3
jh-iai 1
beja-iai 4
dje-iai 48
809
3
gbh-iaj 2
gci-iaj 2
bddg-iaj 14
810
5
bcb-iba 12
bafb-iba 37
bbba-iba 37
bbbj-iba 3
ejb-iba 1
811
2
iha-ibb 12
bead-ibb 1
812
2
egb-ibc 1
bbgf-ibc 4
813
2
bdhd-ibd 26
bgcj-ibd 64
814
3
fba-ibe 27
jbe-ibe 1
bbcc-ibe 45
815
3
dje-ibf 12
dih-ibf 18
bffh-ibf 28
816
4
efj-ibg 2
ceb-ibg 3
fhg-ibg 19
bafg-ibg 6
817
3
eja-ibh 102
bahj-ibh 4
babb-ibh 135
818
5
fii-ibi 3
gi-ibi 1
bjc-ibi 9
jib-ibi 3
fdi-ibi 20
819
4
hae-ibj 4
bbdb-ibj 15
bbcd-ibj 12
dfd-ibj 27
820
5
jde-ica 1
bcfh-ica 3
becf-ica 16
edc-ica 2
dgi-ica 8
821
3
fhj-icb 5
fib-icb 5
hfi-icb 255
822
2
fdh-icc 2
edb-icc 1
823
5
hj-icd 48
jaa-icd 6
eig-icd 1
hcd-icd 11
jaj-icd 35
824
3
hgi-ice 4
jfh-ice 6
ehd-ice 184
825
4
cih-icf 8
dbb-icf 12
bcha-icf 3
fce-icf 48
826
3
bjj-icg 189
gcg-icg 10
bcdi-icg 41
827
2
djd-ich 1
beei-ich 12
828
3
dfa-ici 7
cj-ici 9
jc-ici 210
829
2
hbe-icj 2
jie-icj 17
830
5
hee-ida 3
jbh-ida 1
bhf-ida 1
ehj-ida 1
bcfd-ida 45
831
7
fce-idb 8
jcb-idb 1
cdh-idb 3
bach-idb 15
bfjd-idb 3
cii-idb 3
ghi-idb 17
832
3
gjg-idc 77
djj-idc 2
iij-idc 5
833
4
fj-idd 5
bbah-idd 9
fih-idd 3
bfda-idd 42
834
1
fgc-ide 1
835
5
dh-idf 22
jhi-idf 2
efa-idf 13
dii-idf 15
bajg-idf 1
836
4
ic-idg 1
bfi-idg 9
bagf-idg 1
dhd-idg 45
837
3
bad-idh 1
gdg-idh 1
hhg-idh 1
838
5
hhc-idi 5
ech-idi 63
baeh-idi 2
bbdd-idi 15
bgfa-idi 177
839
3
bcc-idj 22
bgf-idj 1
fdj-idj 20
840
4
chb-iea 3
eeb-iea 2
bij-iea 12
bebf-iea 207
841
3
fhb-ieb 36
bdaj-ieb 2
bbie-ieb 9
842
5
hfh-iec 2
iff-iec 3
fgf-iec 1
hfg-iec 177
bbca-iec 6
843
4
bbid-ied 37
hhb-ied 6
jac-ied 31
bche-ied 4
844
3
efc-iee 6
baje-iee 6
bdcd-iee 3
845
4
hag-ief 7
bfc-ief 29
ea-ief 4
bbah-ief 24
846
5
ebg-ieg 2
hcd-ieg 7
fjj-ieg 4
idd-ieg 39
ffh-ieg 12
847
4
bjg-ieh 1
bchj-ieh 28
caj-ieh 3
bge-ieh 3
848
6
efg-iei 37
dbf-iei 2
gdf-iei 1
hgi-iei 37
behf-iei 7
bcgb-iei 6
849
2
bdi-iej 3
bbh-iej 188
850
5
hcf-ifa 52
ccc-ifa 23
bbbi-ifa 14
bdbe-ifa 3
bdih-ifa 1
851
3
fgh-ifb 2
dfh-ifb 39
bagh-ifb 22
852
6
cee-ifc 9
ejj-ifc 16
bchg-ifc 142
gfa-ifc 6
fdj-ifc 2
jid-ifc 30
853
4
bah-ifd 3
cf-ifd 32
ijh-ifd 2
bbhd-ifd 78
854
3
dad-ife 48
bbdj-ife 3
hjf-ife 129
855
5
fb-iff 3
bjb-iff 3
jgf-iff 6
cgi-iff 3
efe-iff 54
856
3
jci-ifg 3
be-ifg 34
bgeb-ifg 59
857
4
eif-ifh 1
baga-ifh 6
baai-ifh 6
cid-ifh 21
858
2
bcci-ifi 11
badf-ifi 4
860
2
gfj-iga 3
ebb-iga 15
861
2
gb-igb 2
cif-igb 41
862
3
eaf-igc 6
gh-igc 1
bcgi-igc 39
863
3
ife-igd 7
ggg-igd 11
hfd-igd 2
864
3
dbi-ige 5
hjc-ige 41
dbj-ige 11
865
1
egi-igf 2
866
1
babd-igg 1
867
1
hag-igh 15
868
3
gag-igi 1
bcbj-igi 6
bbg-igi 6
869
4
gih-igj 1
dde-igj 9
jba-igj 19
bdie-igj 12
870
4
hgf-iha 34
jfa-iha 15
bcdj-iha 183
bbfe-iha 6
871
2
eii-ihb 1
bbcj-ihb 8
872
3
eba-ihc 2
jfd-ihc 2
ehj-ihc 9
873
4
fj-ihd 4
behh-ihd 84
bbdd-ihd 73
bgei-ihd 1
874
3
hdi-ihe 12
hdj-ihe 3
hdg-ihe 21
875
5
eh-ihf 4
ijj-ihf 9
cfb-ihf 3
bbad-ihf 89
bfcc-ihf 7
876
4
gbf-ihg 3
cdj-ihg 11
gij-ihg 18
bcj-ihg 1
877
3
eef-ihh 2
cib-ihh 15
gih-ihh 4
878
5
gjh-ihi 3
jg-ihi 1
hdb-ihi 2
bdgf-ihi 186
bebh-ihi 5
879
2
cef-ihj 18
caf-ihj 57
880
3
fgb-iia 189
hfh-iia 5
fid-iia 12
881
5
id-iib 36
cfb-iib 3
bafa-iib 7
baeb-iib 131
chd-iib 5
882
4
iie-iic 8
fag-iic 43
gfa-iic 3
jje-iic 42
883
4
cej-iid 2
ffa-iid 9
iae-iid 2
bfei-iid 1
884
5
bec-iie 3
jee-iie 10
bgc-iie 2
cbb-iie 3
bejf-iie 12
885
2
hif-iif 8
bbei-iif 11
886
2
hcg-iig 18
ddg-iig 2
887
1
hbj-iih 194
888
1
bbib-iii 9
889
1
baaa-iij 26
890
3
iaa-ija 3
bcfe-ija 2
dbj-ija 3
891
1
ega-ijb 1
892
4
bbf-ijc 3
hg-ijc 3
cgi-ijc 4
bcij-ijc 1
893
3
gdh-ijd 8
beda-ijd 241
hfi-ijd 28
894
4
bef-ije 6
gda-ije 2
bbbj-ije 20
beef-ije 55
895
1
bj-ijf 6
896
2
ig-ijg 3
behi-ijg 79
897
2
hhg-ijh 3
bii-ijh 9
898
1
gd-iji 18
899
2
cff-ijj 4
iaf-ijj 12
900
3
cf-jaa 2
jbg-jaa 3
bbjh-jaa 25
901
2
djh-jab 1
gbe-jab 4
902
5
hca-jac 6
ejj-jac 10
ghg-jac 11
ibb-jac 9
bgg-jac 9
903
3
djc-jad 1
bcij-jad 6
dgj-jad 1
904
3
cja-jae 5
ee-jae 2
bbih-jae 44
905
2
bdig-jaf 14
bgd-jaf 4
906
3
cg-jag 9
cbc-jag 15
bdij-jag 3
907
6
cfe-jah 2
fie-jah 18
bajg-jah 1
bchh-jah 52
bcif-jah 2
baia-jah 47
908
5
hah-jai 6
efa-jai 20
gbj-jai 72
bbbg-jai 66
bffi-jai 12
909
2
iic-jaj 7
ebd-jaj 99
910
3
cgd-jba 3
gej-jba 31
bdef-jba 5
911
2
gjc-jbb 7
dhg-jbb 12
912
2
gbg-jbc 15
jca-jbc 65
913
3
dij-jbd 12
bgh-jbd 7
bfad-jbd 18
914
3
fbj-jbe 4
bbig-jbe 1
de-jbe 1
915
5
gfg-jbf 6
jbe-jbf 1
bedi-jbf 75
hai-jbf 6
cc-jbf 3
916
5
igc-jbg 1
bjd-jbg 1
ehd-jbg 48
baie-jbg 33
bdid-jbg 10
917
3
bji-jbh 5
babf-jbh 43
dbd-jbh 45
918
2
hai-jbi 2
bdcc-jbi 147
919
5
ieg-jbj 1
hdc-jbj 3
jhb-jbj 2
ejd-jbj 3
daa-jbj 2
920
4
idf-jca 24
jde-jca 4
jfg-jca 87
fdh-jca 7
921
4
ihh-jcb 3
hhf-jcb 9
gae-jcb 18
faj-jcb 20
922
3
fej-jcc 4
fjg-jcc 3
gfb-jcc 27
923
4
ied-jcd 5
bagh-jcd 3
hgh-jcd 24
jcc-jcd 20
924
1
bafi-jce 6
925
3
igj-jcf 15
djc-jcf 3
ghe-jcf 3
926
3
babe-jcg 4
cfj-jcg 3
ggg-jcg 170
928
6
hhe-jci 3
fch-jci 5
fb-jci 3
beia-jci 2
bfbf-jci 283
gih-jci 75
930
3
cjb-jda 2
bgdf-jda 17
bdig-jda 388
931
5
bbaj-jdb 5
jji-jdb 5
cgf-jdb 18
hge-jdb 24
jhc-jdb 12
932
3
hbh-jdc 2
gdh-jdc 8
jc-jdc 3
933
3
dic-jdd 15
dhc-jdd 42
ffh-jdd 4
934
6
bie-jde 2
baad-jde 3
bcjb-jde 3
bdgi-jde 3
bi-jde 96
ha-jde 3
936
7
ibi-jdg 14
fbf-jdg 2
dhj-jdg 30
gea-jdg 9
bhb-jdg 11
bh-jdg 3
cjh-jdg 4
937
1
ea-jdh 1
938
1
dfb-jdi 2
939
4
ja-jdj 1
eic-jdj 3
jfj-jdj 9
dhb-jdj 1
940
2
ije-jea 45
ef-jea 1
941
1
jad-jeb 6
942
5
ehc-jec 9
bgb-jec 1
dae-jec 3
bdfg-jec 3
badg-jec 3
943
1
djc-jed 1
944
4
ceg-jee 2
ej-jee 3
cfg-jee 8
hjb-jee 150
945
5
beh-jef 3
fad-jef 18
bbfe-jef 3
bbje-jef 49
badj-jef 89
946
2
bbj-jeg 21
baib-jeg 3
947
3
ddj-jeh 6
bafe-jeh 2
bgdb-jeh 12
948
2
eff-jei 1
jja-jei 1
949
3
fgj-jej 2
dch-jej 71
ehb-jej 73
950
4
bhe-jfa 27
iec-jfa 14
chb-jfa 7
fdj-jfa 48
951
3
cge-jfb 3
bbdb-jfb 6
ebb-jfb 15
952
3
cgh-jfc 30
jgb-jfc 181
egb-jfc 2
953
2
fbd-jfd 24
babc-jfd 69
954
4
egf-jfe 2
bcif-jfe 4
bfgb-jfe 230
c-jfe 33
955
3
ee-jff 1
egg-jff 19
bfeb-jff 13
956
4
fic-jfg 4
ghc-jfg 1
bccb-jfg 44
ega-jfg 39
957
5
eij-jfh 9
ddc-jfh 1
fdf-jfh 49
bffj-jfh 35
gfb-jfh 198
958
4
eib-jfi 3
dii-jfi 14
befa-jfi 155
bbj-jfi 132
959
5
bcc-jfj 9
jfa-jfj 4
bcaj-jfj 5
bdhe-jfj 268
eac-jfj 3
960
5
fdf-jga 10
bagg-jga 13
bfab-jga 3
bfcd-jga 285
bfcf-jga 1
961
1
ecd-jgb 181
962
5
ied-jgc 14
babj-jgc 12
bba-jgc 6
cfa-jgc 4
ibd-jgc 41
963
1
ghb-jgd 1
964
5
dda-jge 3
bagf-jge 5
gbf-jge 5
bedj-jge 14
bcgj-jge 49
965
5
fbf-jgf 3
hhj-jgf 16
i-jgf 36
fjd-jgf 2
bhg-jgf 4
966
3
cfd-jgg 6
bajc-jgg 17
heh-jgg 22
967
2
jcb-jgh 7
dfc-jgh 10
968
2
gjf-jgi 3
iae-jgi 173
970
4
efh-jha 2
jia-jha 46
bea-jha 3
ghd-jha 34
971
1
ejg-jhb 2
972
4
eej-jhc 33
ced-jhc 10
gga-jhc 4
hei-jhc 6
973
2
geb-jhd 15
gba-jhd 114
974
3
jae-jhe 4
jih-jhe 2
bbai-jhe 11
975
4
gid-jhf 1
bajj-jhf 144
fch-jhf 17
behe-jhf 66
976
2
fbi-jhg 8
hde-jhg 41
977
2
gab-jhh 4
bfia-jhh 21
978
3
fca-jhi 1
bagi-jhi 5
bcj-jhi 19
979
1
eei-jhj 217
980
7
hdd-jia 2
baac-jia 7
bje-jia 6
baca-jia 2
bded-jia 44
ecc-jia 8
ddg-jia 7
981
4
bab-jib 6
gda-jib 2
iac-jib 14
bjf-jib 8
982
2
hff-jic 2
igj-jic 12
983
4
jff-jid 15
cag-jid 4
bdgd-jid 5
bgfj-jid 26
984
3
hdb-jie 3
baih-jie 12
cij-jie 3
985
4
hah-jif 42
dge-jif 9
bb-jif 32
bdih-jif 1
986
3
bbe-jig 3
bafi-jig 7
gha-jig 30
987
3
jhi-jih 2
gfi-jih 2
bfa-jih 6
988
3
bjh-jii 1
ddf-jii 38
cei-jii 5
989
1
ge-jij 2
990
1
idh-jja 3
991
6
ihg-jjb 1
bdi-jjb 3
jif-jjb 2
hja-jjb 9
ieg-jjb 2
cjc-jjb 2
992
3
jhg-jjc 9
jbg-jjc 15
bcgb-jjc 78
993
1
daj-jjd 3
994
5
hdd-jje 2
badd-jje 6
baig-jje 25
bbcg-jje 33
ej-jje 3
995
2
hja-jjf 15
ccf-jjf 3
996
2
efa-jjg 6
gfc-jjg 11
997
1
geh-jjh 10
998
2
hef-jji 8
j-jji 1
999
3
edg-jjj 8
baea-jjj 7
bcci-jjj 280
1000
1
fgi-baaa 159
1001
5
jeg-baab 23
ifd-baab 13
bbdf-baab 1
bc-baab 2
efi-baab 4
1002
2
hig-baac 6
jbh-baac 36
1003
4
ehj-baad 10
jcd-baad 10
bbbh-baad 39
ceb-baad 135
1004
2
dib-baae 3
eje-baae 24
1005
2
baae-baaf 17
bdej-baaf 3
1006
5
fc-baag 2
cdc-baag 4
jci-baag 68
beja-baag 1
ffj-baag 11
1007
2
baef-baah 9
jab-baah 1
1008
4
dgd-baai 4
bacb-baai 17
baha-baai 30
igj-baai 6
1010
5
dfi-baba 3
haj-baba 2
bbfb-baba 3
ehi-baba 49
jdf-baba 1
1011
3
ggi-babb 9
edh-babb 7
djh-babb 146
1012
5
jga-babc 4
ege-babc 2
beag-babc 45
baif-babc 6
if-babc 13
1013
3
gec-babd 5
bddi-babd 1
dfe-babd 39
1014
3
ebj-babe 102
ije-babe 13
dbj-babe 3
1015
2
ceg-babf 4
begj-babf 93
1016
3
bbdj-babg 1
beba-babg 62
bdhd-babg 45
1017
2
cbg-babh 13
baia-babh 12
1018
3
gd-babi 4
cdb-babi 66
baij-babi 159
1019
3
bbcg-babj 5
fdc-babj 6
bfib-babj 1
1020
1
igh-baca 15
1021
6
jg-bacb 12
heb-bacb 6
jce-bacb 3
jhb-bacb 1
bcje-bacb 12
bgbj-bacb 15
1022
3
feg-bacc 5
hbc-bacc 12
gdb-bacc 237
1023
1
jgf-bacd 3
1024
2
dhb-bace 6
bbcd-bace 7
1025
1
ifd-bacf 3
1026
2
cja-bacg 3
bgdb-bacg 5
1027
3
fdd-bach 2
baag-bach 3
bih-bach 32
1028
2
egi-baci 3
ejc-baci 65
1029
4
ib-bacj 1
bada-bacj 15
iha-bacj 225
ibj-bacj 10
1030
4
bbcf-bada 14
hej-bada 9
gdb-bada 15
ecj-bada 4
1031
3
bdf-badb 27
dcd-badb 4
bddf-badb 9
1032
3
cad-badc 3
hfg-badc 12
ifg-badc 90
1033
3
jc-badd 1
bcac-badd 17
gh-badd 1
1034
1
ega-bade 12
1035
1
fgh-badf 12
1036
2
jhi-badg 4
bbbf-badg 3
1037
1
bbgj-badh 3
1038
2
ghg-badi 2
bbdi-badi 85
1039
4
ff-badj 3
ijj-badj 3
bbhf-badj 9
bjf-badj 91
1040
3
cid-baea 3
he-baea 1
hdd-baea 16
1041
4
iag-baeb 12
fd-baeb 3
bbaf-baeb 6
bdcj-baeb 132
1042
5
jha-baec 84
bcac-baec 1
hbg-baec 47
jaa-baec 18
ccb-baec 2
1043
1
djc-baed 31
1044
1
baeg-baee 24
1045
4
efd-baef 2
bdbf-baef 1
fi-baef 9
gj-baef 1
1046
4
hhd-baeg 9
jdc-baeg 10
baic-baeg 1
bcef-baeg 26
1047
1
dfd-baeh 3
1048
4
chj-baei 1
bhc-baei 5
bagg-baei 53
bcig-baei 63
1049
4
bbhh-baej 242
hih-baej 1
bdij-baej 1
bdfj-baej 165
1050
5
hgc-bafa 2
babe-bafa 24
jdj-bafa 13
cff-bafa 3
dgj-bafa 26
1051
4
baah-bafb 9
bcji-bafb 2
bbbd-bafb 33
gdg-bafb 87
1052
4
jce-bafc 1
hii-bafc 36
gfg-bafc 3
bbef-bafc 5
1053
2
fei-bafd 1
cfa-bafd 11
1054
3
dhc-bafe 2
fdd-bafe 71
bgf-bafe 2
1055
2
hcj-baff 3
bfif-baff 224
1056
1
fdd-bafg 35
1057
1
jbd-bafh 4
1058
4
bhj-bafi 12
chi-bafi 5
bbgf-bafi 1
bag-bafi 5
1059
3
gfi-bafj 2
bcag-bafj 1
hef-bafj 101
1060
2
ded-baga 4
bbag-baga 35
1061
2
fhb-bagb 239
bcgd-bagb 1
1062
1
gie-bagc 11
1063
3
beg-bagd 3
hgd-bagd 9
ibg-bagd 1
1064
4
jfb-bage 21
babh-bage 3
bbcj-bage 1
jhf-bage 226
1065
2
bgd-bagf 12
bede-bagf 121
1066
5
jid-bagg 2
baie-bagg 12
bbgh-bagg 1
fcb-bagg 42
hgb-bagg 16
1067
6
jbd-bagh 1
ijg-bagh 11
cgf-bagh 22
eab-bagh 6
cde-bagh 9
gje-bagh 24
1068
3
ehh-bagi 2
ggh-bagi 2
bcac-bagi 19
1069
2
jhd-bagj 111
bgj-bagj 1
1070
2
bcgf-baha 33
bgcc-baha 77
1071
2
cgc-bahb 1
bgah-bahb 3
1072
1
hbg-bahc 4
1073
6
efa-bahd 9
dii-bahd 4
bcgf-bahd 1
behd-bahd 8
beij-bahd 33
dbb-bahd 174
1074
1
bcdi-bahe 9
1075
2
bagd-bahf 7
ffi-bahf 3
1076
2
bgc-bahg 3
gjc-bahg 352
1077
4
hea-bahh 9
bahg-bahh 23
bedg-bahh 21
jab-bahh 2
1078
4
hab-bahi 6
ceh-bahi 4
ghc-bahi 41
ia-bahi 3
1079
2
ghi-bahj 3
fbe-bahj 3
1080
3
jif-baia 3
gaf-baia 1
bgg-baia 57
1081
2
iac-baib 11
hih-baib 6
1082
3
babi-baic 1
iaa-baic 1
bcgg-baic 1
1083
2
ib-baid 3
bejd-baid 5
1084
5
iaf-baie 15
bade-baie 11
chg-baie 6
efc-baie 9
bai-baie 6
1085
1
jcb-baif 13
1086
4
edd-baig 15
jgh-baig 9
ihc-baig 4
hif-baig 15
1087
6
gcf-baih 6
bbgd-baih 3
eea-baih 2
bcej-baih 3
becj-baih 24
bcgf-baih 2
1088
2
ffj-baii 5
bbab-baii 16
1089
3
bfh-baij 2
ife-baij 153
bha-baij 23
1090
4
bif-baja 15
cgg-baja 4
bcfj-baja 40
cdh-baja 24
1091
3
ji-bajb 12
bdfg-bajb 7
bafj-bajb 19
1092
3
hih-bajc 2
bbae-bajc 10
dhb-bajc 12
1093
4
hha-bajd 27
hhg-bajd 2
edc-bajd 3
bfjc-bajd 6
1094
4
iej-baje 52
hhe-baje 7
bdab-baje 12
gfi-baje 84
1095
5
eca-bajf 1
jcd-bajf 9
jeb-bajf 3
bbgi-bajf 129
bcje-bajf 3
1096
2
cgf-bajg 1
fi-bajg 2
1097
2
hba-bajh 11
bia-bajh 9
1098
2
baje-baji 148
bhf-baji 1
1099
3
ejh-bajj 1
eci-bajj 6
bajf-bajj 143
1100
3
ghb-bbaa 1
bcfa-bbaa 225
beeg-bbaa 3
1101
2
cde-bbab 2
bbfc-bbab 42
1102
4
dce-bbac 149
iif-bbac 18
fed-bbac 12
bejd-bbac 18
1103
2
bbag-bbad 41
jbh-bbad 48
1104
6
gid-bbae 4
eah-bbae 2
bcfc-bbae 4
hg-bbae 3
gc-bbae 65
bgba-bbae 6
1105
2
eff-bbaf 10
hhg-bbaf 2
1106
1
gff-bbag 81
1107
4
cja-bbah 20
fhe-bbah 13
beci-bbah 24
bfjh-bbah 2
1108
2
bhj-bbai 18
bdch-bbai 2
1109
1
ich-bbaj 9
1110
5
hde-bbba 2
babb-bbba 4
cgd-bbba 9
hdb-bbba 113
jid-bbba 8
1111
1
hed-bbbb 7
1113
3
baec-bbbd 28
bbh-bbbd 5
bgab-bbbd 24
1114
3
bcc-bbbe 42
bccj-bbbe 111
dhj-bbbe 29
1115
2
faj-bbbf 1
cef-bbbf 3
1116
3
ief-bbbg 43
baci-bbbg 2
icb-bbbg 28
1117
2
ehg-bbbh 30
bagc-bbbh 10
1118
2
bac-bbbi 15
gee-bbbi 2
1119
3
big-bbbj 5
bahe-bbbj 8
bgdj-bbbj 20
1120
2
bdd-bbca 1
jcc-bbca 10
1121
6
djj-bbcb 13
ccc-bbcb 1
jfd-bbcb 19
fbc-bbcb 3
iee-bbcb 8
hih-bbcb 20
1122
2
hbd-bbcc 96
bgf-bbcc 6
1123
3
baii-bbcd 17
jjd-bbcd 2
gje-bbcd 14
1124
2
iff-bbce 15
gde-bbce 8
1125
2
bbae-bbcf 3
fhc-bbcf 246
1126
3
fcg-bbcg 3
bdid-bbcg 10
ccj-bbcg 24
1127
1
icb-bbch 11
1128
2
bie-bbci 1
babh-bbci 18
1129
2
hee-bbcj 18
bbbb-bbcj 4
1130
3
jde-bbda 104
ehh-bbda 3
bbji-bbda 6
1131
5
bbf-bbdb 1
hjj-bbdb 14
idc-bbdb 66
bfdj-bbdb 14
ifa-bbdb 75
1132
1
jh-bbdc 1
1133
5
fgh-bbdd 5
gid-bbdd 18
bci-bbdd 71
eii-bbdd 15
beb-bbdd 18
1134
1
jif-bbde 60
1135
3
baed-bbdf 7
gbi-bbdf 40
gbc-bbdf 2
1136
3
bhc-bbdg 15
bid-bbdg 3
bgdc-bbdg 26
1137
3
eef-bbdh 2
bcjd-bbdh 11
ghb-bbdh 28
1138
3
baee-bbdi 18
hbh-bbdi 60
bcba-bbdi 6
1139
1
ghi-bbdj 4
1140
3
dfh-bbea 1
cga-bbea 4
df-bbea 20
1141
5
ji-bbeb 11
bbde-bbeb 45
ihd-bbeb 131
bbae-bbeb 60
bffc-bbeb 5
1142
2
cai-bbec 1
bcie-bbec 82
1143
1
jc-bbed 3
1144
2
gcj-bbee 3
bdee-bbee 38
1145
4
badd-bbef 12
fjf-bbef 5
ce-bbef 3
fjb-bbef 92
1146
3
eca-bbeg 17
bcjg-bbeg 14
bgbc-bbeg 6
1147
1
eg-bbeh 22
1148
2
gej-bbei 13
eif-bbei 9
1149
3
fci-bbej 26
bcbb-bbej 112
fja-bbej 27
1150
2
jf-bbfa 1
bacc-bbfa 23
1151
5
fgd-bbfb 2
bbgg-bbfb 33
baji-bbfb 55
ghj-bbfb 3
bdah-bbfb 9
1152
2
ibh-bbfc 69
bfej-bbfc 3
1153
4
eaa-bbfd 36
ebc-bbfd 1
bdcj-bbfd 17
bdje-bbfd 3
1154
2
chg-bbfe 3
bbgi-bbfe 35
1155
6
fcc-bbff 45
jig-bbff 1
dbh-bbff 6
ihi-bbff 21
bdjd-bbff 45
hg-bbff 9
1156
4
fea-bbfg 17
eee-bbfg 6
bcjh-bbfg 1
bfee-bbfg 158
1157
3
efd-bbfh 1
gec-bbfh 7
bbjg-bbfh 42
1158
3
bbej-bbfi 162
bace-bbfi 1
bfhb-bbfi 39
1159
4
babh-bbfj 5
cbc-bbfj 34
ifc-bbfj 153
cje-bbfj 3
1160
2
jbc-bbga 76
eji-bbga 12
1161
4
iic-bbgb 6
jff-bbgb 7
hi-bbgb 66
hgd-bbgb 14
1162
1
bafa-bbgc 22
1163
1
bgag-bbgd 34
1164
4
ddd-bbge 6
eb-bbge 33
bbff-bbge 36
ihg-bbge 2
1165
1
fcj-bbgf 6
1166
4
bcde-bbgg 8
bdai-bbgg 19
ca-bbgg 3
gfh-bbgg 5
1167
1
bbei-bbgh 8
1168
4
jab-bbgi 1
bdgi-bbgi 3
bfi-bbgi 9
jgi-bbgi 153
1169
4
bbcj-bbgj 5
hjc-bbgj 1
eah-bbgj 21
bejh-bbgj 25
1170
2
fbe-bbha 8
begi-bbha 61
1171
2
djd-bbhb 5
iec-bbhb 166
1172
3
jdi-bbhc 1
cbh-bbhc 15
bca-bbhc 2
1173
4
ece-bbhd 5
bced-bbhd 14
j-bbhd 36
bdb-bbhd 25
1174
4
fh-bbhe 2
gfe-bbhe 6
bbgb-bbhe 47
id-bbhe 6
1175
3
dia-bbhf 201
baif-bbhf 6
bfec-bbhf 5
1177
2
bcjf-bbhh 18
beee-bbhh 225
1178
2
hgi-bbhi 23
bfge-bbhi 3
1179
1
c-bbhj 1
1180
3
ij-bbia 6
ei-bbia 16
edb-bbia 17
1181
1
bdi-bbib 60
1182
2
iab-bbic 120
befc-bbic 3
1183
1
bbdd-bbid 38
1184
3
def-bbie 16
dee-bbie 8
bbhj-bbie 2
1185
2
bij-bbif 4
dcj-bbif 34
1186
1
cig-bbig 1
1187
2
bfd-bbih 4
gc-bbih 40
1188
2
jhc-bbii 3
bfgf-bbii 195
1189
3
beci-bbij 1
bbdf-bbij 29
cdd-bbij 1
1190
2
bacb-bbja 30
fec-bbja 125
1191
2
gje-bbjb 1
ffj-bbjb 3
1192
2
bbha-bbjc 1
ii-bbjc 13
1193
1
jig-bbjd 3
1194
1
cbd-bbje 49
1195
4
dji-bbjf 2
fcj-bbjf 4
jbg-bbjf 48
haj-bbjf 126
1196
3
hjb-bbjg 1
bagj-bbjg 114
bbfe-bbjg 27
1197
2
jih-bbjh 5
bcjb-bbjh 25
1198
3
bch-bbji 11
hhi-bbji 15
ijh-bbji 10
1199
1
cig-bbjj 1
1200
2
bbie-bcaa 5
bgb-bcaa 42
1201
4
jjj-bcab 2
dfi-bcab 1
bchi-bcab 3
gce-bcab 3
1202
3
fa-bcac 27
hac-bcac 7
had-bcac 3
1203
3
hcd-bcad 1
bdf-bcad 33
bgcb-bcad 71
1204
2
ibg-bcae 28
bdaj-bcae 10
1205
3
jh-bcaf 1
bbha-bcaf 34
bcda-bcaf 103
1206
2
babb-bcag 4
bgch-bcag 48
1207
1
eed-bcah 342
1208
1
bbcj-bcai 9
1209
1
bbji-bcaj 28
1210
2
ejb-bcba 3
gfc-bcba 2
1211
3
hag-bcbb 8
bdbj-bcbb 46
die-bcbb 59
1212
5
bbai-bcbc 7
bcij-bcbc 6
dbe-bcbc 18
bafj-bcbc 78
ef-bcbc 7
1213
1
baca-bcbd 3
1214
2
gda-bcbe 15
bdd-bcbe 27
1215
2
igc-bcbf 5
bged-bcbf 6
1216
3
iea-bcbg 54
behc-bcbg 9
dbh-bcbg 5
1218
3
jcf-bcbi 3
jdd-bcbi 13
bfcf-bcbi 3
1219
3
hgc-bcbj 2
bcch-bcbj 1
hjj-bcbj 4
1220
4
fb-bcca 4
bdhj-bcca 4
jfe-bcca 240
behj-bcca 4
1221
3
bcag-bccb 1
egb-bccb 22
cid-bccb 27
1223
3
ced-bccd 6
behg-bccd 48
bfed-bccd 101
1224
2
eci-bcce 10
iib-bcce 4
1225
2
bajb-bccf 11
bfhd-bccf 144
1226
2
badf-bccg 6
begg-bccg 24
1227
1
hjg-bcch 3
1228
2
hjd-bcci 270
bcae-bcci 22
1229
5
hci-bccj 27
dci-bccj 3
cfg-bccj 21
gbe-bccj 59
bg-bccj 7
1230
3
dh-bcda 80
beii-bcda 3
ijd-bcda 24
1231
3
baci-bcdb 12
bddd-bcdb 4
bbeb-bcdb 249
1232
4
ghb-bcdc 2
bfga-bcdc 3
bcj-bcdc 12
bccd-bcdc 114
1233
3
bbfh-bcdd 11
bagh-bcdd 44
bdid-bcdd 13
1234
5
gic-bcde 5
cba-bcde 4
baji-bcde 12
bcha-bcde 3
beje-bcde 14
1235
1
bbef-bcdf 106
1236
3
jje-bcdg 18
chc-bcdg 27
hjc-bcdg 81
1237
2
faf-bcdh 8
bchf-bcdh 2
1238
3
cfg-bcdi 35
becb-bcdi 2
hee-bcdi 21
1239
1
fdb-bcdj 192
1240
1
becb-bcea 27
1241
1
idj-bceb 8
1242
1
dgj-bcec 1
1243
1
bcjd-bced 15
1244
6
gdf-bcee 2
ejh-bcee 2
bdca-bcee 1
bdja-bcee 4
ffd-bcee 3
iai-bcee 3
1245
2
fbj-bcef 45
fbb-bcef 3
1246
1
cca-bceg 3
1247
4
bge-bceh 1
bbdf-bceh 8
bdae-bceh 12
fab-bceh 2
1248
1
bci-bcei 6
1249
3
jfh-bcej 6
ef-bcej 1
gif-bcej 3
1250
2
djh-bcfa 7
jfh-bcfa 217
1252
1
cig-bcfc 4
1253
3
jeh-bcfd 2
beie-bcfd 2
idg-bcfd 41
1254
1
jh-bcfe 7
1255
4
ddd-bcff 5
hfh-bcff 14
iie-bcff 13
begg-bcff 40
1256
2
fjj-bcfg 8
bcje-bcfg 1
1257
1
egd-bcfh 7
1258
1
ihe-bcfi 16
1259
4
jii-bcfj 1
cig-bcfj 3
bchb-bcfj 67
ibc-bcfj 4
1260
1
ghc-bcga 3
1261
2
eai-bcgb 66
jae-bcgb 25
1262
2
bahc-bcgc 2
beih-bcgc 16
1263
1
gba-bcgd 1
1264
2
baih-bcge 12
bgh-bcge 4
1265
1
bbga-bcgf 36
1266
2
beej-bcgg 2
bfhf-bcgg 238
1267
2
cbj-bcgh 3
bdjg-bcgh 21
1268
4
bfh-bcgi 3
hce-bcgi 24
bge-bcgi 9
fca-bcgi 24
1269
3
bdbg-bcgj 25
beae-bcgj 39
bfci-bcgj 12
1270
2
dgg-bcha 2
deh-bcha 6
1271
2
hhd-bchb 9
bdfj-bchb 57
1272
2
bdb-bchc 3
cej-bchc 30
1273
2
jbd-bchd 32
bdaf-bchd 29
1274
2
gcd-bche 6
becg-bche 6
1275
2
hdj-bchf 9
bfag-bchf 53
1276
4
hhj-bchg 23
hga-bchg 30
idc-bchg 6
bebi-bchg 84
1277
5
cjb-bchh 3
bcjb-bchh 4
bcjj-bchh 29
bbij-bchh 10
hhi-bchh 8
1278
2
bcdj-bchi 7
ifh-bchi 6
1279
1
jcd-bchj 28
1280
5
hid-bcia 2
hhg-bcia 2
ibc-bcia 1
baid-bcia 2
bgec-bcia 15
1281
4
bdcc-bcib 1
bje-bcib 29
bfgd-bcib 30
dde-bcib 9
1284
2
bbgh-bcie 7
eic-bcie 90
1285
2
jhh-bcif 1
bdjb-bcif 5
1286
1
fae-bcig 84
1287
1
cae-bcih 35
1288
3
cga-bcii 8
bafh-bcii 3
jeh-bcii 11
1289
1
ebd-bcij 13
1290
3
ica-bcja 10
hhd-bcja 75
bbfi-bcja 43
1291
2
bcaa-bcjb 12
dba-bcjb 21
1292
2
bbdg-bcjc 6
bbaf-bcjc 6
1293
1
hdf-bcjd 33
1294
1
bbfh-bcje 15
1295
4
dde-bcjf 24
fda-bcjf 1
bdjc-bcjf 42
bedc-bcjf 9
1296
2
jce-bcjg 3
eii-bcjg 15
1297
1
dch-bcjh 1
1298
2
ida-bcji 7
dg-bcji 1
1299
2
fig-bcjj 12
bfgi-bcjj 18
1300
3
eba-bdaa 4
gcj-bdaa 9
edh-bdaa 42
1301
2
iji-bdab 15
bdib-bdab 11
1302
2
gba-bdac 20
cgb-bdac 27
1303
3
dja-bdad 3
ch-bdad 6
jdi-bdad 1
1304
2
bbif-bdae 31
bahi-bdae 33
1305
1
ga-bdaf 29
1306
1
badg-bdag 2
1307
2
ibd-bdah 6
beeg-bdah 3
1308
2
bajh-bdai 6
baij-bdai 13
1309
2
je-bdaj 8
hed-bdaj 9
1310
1
bbch-bdba 12
1311
1
jeh-bdbb 3
1312
1
bcgf-bdbc 2
1314
1
hh-bdbe 9
1315
1
hf-bdbf 1
1316
3
hdj-bdbg 21
ddc-bdbg 21
bfii-bdbg 25
1317
1
jhg-bdbh 34
1318
2
dbc-bdbi 18
bfbc-bdbi 5
1319
4
bbci-bdbj 17
jfa-bdbj 73
dhe-bdbj 36
gid-bdbj 96
1320
1
fej-bdca 2
1321
2
cii-bdcb 11
ibj-bdcb 41
1322
2
iig-bdcc 18
bdhf-bdcc 129
1323
2
bbcb-bdcd 13
bdgd-bdcd 18
1324
1
jfc-bdce 13
1325
1
faa-bdcf 12
1326
1
bce-bdcg 20
1327
2
hgc-bdch 69
cac-bdch 39
1328
2
efh-bdci 30
ci-bdci 8
1329
2
feb-bdcj 65
jjc-bdcj 85
1330
2
efh-bdda 27
bebj-bdda 6
1331
1
bbbg-bddb 3
1333
2
bcbf-bddd 9
daa-bddd 6
1334
2
jif-bdde 10
bid-bdde 2
1335
3
gig-bddf 1
bbbg-bddf 3
bbcc-bddf 5
1336
1
badj-bddg 14
1337
1
bffa-bddh 6
1338
1
fjg-bddi 6
1339
3
bcaf-bddj 117
bj-bddj 4
bbbe-bddj 131
1340
1
dc-bdea 134
1341
2
jaf-bdeb 17
bdif-bdeb 31
1342
4
ida-bdec 8
cca-bdec 3
bfeg-bdec 1
bfaf-bdec 129
1343
2
bbbi-bded 3
befd-bded 42
1344
3
bcie-bdee 9
gii-bdee 24
cgc-bdee 4
1345
2
hbe-bdef 80
bbeg-bdef 9
1346
3
hdh-bdeg 4
iai-bdeg 3
bgfb-bdeg 5
1347
2
cfc-bdeh 4
ecj-bdeh 2
1348
1
bccd-bdei 16
1349
2
jag-bdej 21
bfaa-bdej 16
1350
3
jjf-bdfa 3
hdb-bdfa 27
bje-bdfa 19
1351
2
icf-bdfb 1
ijg-bdfb 59
1352
1
hdc-bdfc 3
1353
2
bec-bdfd 47
efb-bdfd 9
1354
2
gdf-bdfe 54
bfeg-bdfe 34
1355
1
jga-bdff 108
1356
2
bib-bdfg 1
bdic-bdfg 9
1357
2
bacc-bdfh 43
bege-bdfh 18
1358
2
jcf-bdfi 6
becc-bdfi 230
1359
2
bbjf-bdfj 46
hae-bdfj 178
1360
4
ihf-bdga 63
begc-bdga 11
ehh-bdga 18
bafa-bdga 33
1361
3
hig-bdgb 11
fca-bdgb 3
bead-bdgb 162
1362
2
bcbd-bdgc 1
eba-bdgc 132
1363
2
gga-bdgd 2
gbc-bdgd 21
1364
1
baej-bdge 405
1365
2
bfbe-bdgf 155
fcc-bdgf 32
1366
1
fbh-bdgg 8
1367
2
ghj-bdgh 9
eea-bdgh 5
1368
2
bdj-bdgi 59
bdjb-bdgi 41
1369
2
hhh-bdgj 2
bgdi-bdgj 6
1370
3
gfj-bdha 1
daj-bdha 2
behi-bdha 3
1371
2
hbh-bdhb 66
haf-bdhb 6
1372
2
jei-bdhc 1
bahg-bdhc 328
1373
2
bcbg-bdhd 54
bae-bdhd 16
1374
4
bagb-bdhe 216
jjj-bdhe 31
baia-bdhe 3
ecc-bdhe 20
1375
2
bcdh-bdhf 9
bfae-bdhf 120
1376
1
efd-bdhg 20
1377
1
bdfd-bdhh 44
1378
3
ihe-bdhi 18
ccf-bdhi 168
hb-bdhi 12
1379
1
iah-bdhj 4
1380
2
jgg-bdia 36
bgff-bdia 16
1381
1
bcfi-bdib 12
1382
1
hhg-bdic 9
1383
1
beh-bdid 32
1384
1
igc-bdie 13
1385
2
fgc-bdif 20
f-bdif 12
1386
2
bajc-bdig 4
bdge-bdig 398
1387
1
ijf-bdih 2
1388
2
cch-bdii 42
fbg-bdii 1
1389
1
fbg-bdij 3
1390
2
bbhb-bdja 151
bdeb-bdja 5
1391
1
bchd-bdjb 45
1392
2
ifh-bdjc 17
bfbb-bdjc 25
1393
1
eca-bdjd 45
1394
3
bacj-bdje 16
cge-bdje 2
bbjb-bdje 2
1395
1
jig-bdjf 35
1396
1
bdef-bdjg 34
1397
2
baj-bdjh 2
bfdf-bdjh 9
1398
1
egb-bdji 14
1399
2
cb-bdjj 1
bccf-bdjj 132
1400
2
bcfj-beaa 6
eeb-beaa 5
1401
2
baai-beab 5
bdde-beab 6
1403
2
bib-bead 134
bafg-bead 28
1404
1
bdch-beae 39
1405
1
geb-beaf 4
1406
1
cci-beag 45
1407
3
jie-beah 3
bche-beah 6
bgfc-beah 22
1408
1
ida-beai 33
1409
2
bcea-beaj 3
dea-beaj 53
1410
3
bbf-beba 62
bbcb-beba 29
bfg-beba 8
1411
1
bgf-bebb 3
1412
1
bbah-bebc 6
1413
2
babc-bebd 1
bejj-bebd 12
1414
1
bccd-bebe 24
1415
2
bbfj-bebf 188
ghb-bebf 19
1416
1
idj-bebg 2
1417
2
bbgc-bebh 3
dag-bebh 3
1418
1
fad-bebi 97
1419
1
bbec-bebj 13
1420
2
ddg-beca 3
jjf-beca 7
1421
3
jed-becb 1
bcg-becb 4
bfbj-becb 24
1422
2
bcc-becc 24
haf-becc 206
1423
2
fba-becd 77
bbii-becd 153
1424
1
fii-bece 12
1425
2
hce-becf 12
fed-becf 3
1426
1
bagi-becg 18
1427
1
dfj-bech 2
1428
1
bbgj-beci 38
1429
2
bdbi-becj 3
hec-becj 69
1430
3
bc-beda 8
bfhh-beda 126
cbd-beda 108
1431
1
bebd-bedb 9
1432
2
baic-bedc 2
bfaj-bedc 8
1433
1
ceg-bedd 6
1434
2
bbda-bede 112
hf-bede 9
1435
2
ebh-bedf 156
djf-bedf 1
1436
1
jbg-bedg 20
1437
2
baha-bedh 57
bgai-bedh 83
1438
2
iib-bedi 74
bfba-bedi 1
1439
1
igd-bedj 15
1441
2
hcf-beeb 75
bbee-beeb 17
1442
1
jba-beec 20
1443
3
dgj-beed 1
becd-beed 132
bfih-beed 76
1444
2
hhc-beee 30
eff-beee 195
1445
2
hhf-beef 7
icf-beef 67
1446
3
he-beeg 24
bdeb-beeg 42
befc-beeg 3
1447
1
bdgc-beeh 105
1448
1
bdcg-beei 13
1449
1
cge-beej 2
1450
2
cbc-befa 138
ebe-befa 17
1451
1
babd-befb 40
1452
1
bchf-befc 6
1453
3
iia-befd 28
chj-befd 3
dci-befd 10
1454
1
fif-befe 3
1455
2
hc-beff 5
fid-beff 207
1456
1
bah-befg 38
1457
1
heh-befh 1
1458
1
bahf-befi 2
1459
1
bdgc-befj 22
1460
1
gca-bega 9
1461
1
iie-begb 6
1462
2
ghf-begc 5
bgad-begc 6
1463
1
bdgi-begd 94
1464
2
babb-bege 12
bdci-bege 6
1466
2
ifb-begg 60
bfai-begg 15
1467
1
eac-begh 4
1468
1
cff-begi 60
1469
2
bbfb-begj 90
eef-begj 3
1470
3
bebd-beha 2
hcj-beha 37
cji-beha 10
1471
1
bfdh-behb 125
1472
1
ifa-behc 9
1473
1
eda-behd 6
1474
3
baja-behe 12
ihd-behe 11
bgaa-behe 46
1475
1
hdf-behf 7
1476
1
iei-behg 78
1477
1
bcgg-behh 240
1478
2
bjh-behi 11
bgde-behi 80
1479
3
dcd-behj 2
ihb-behj 1
dbd-behj 3
1480
1
ffd-beia 2
1481
1
bdaj-beib 5
1482
3
bbb-beic 9
ec-beic 9
dg-beic 66
1483
2
bdje-beid 15
iai-beid 41
1485
3
hfb-beif 20
cii-beif 8
gab-beif 249
1486
2
bedd-beig 3
baf-beig 2
1487
2
dcc-beih 47
ijd-beih 240
1488
1
cbe-beii 3
1489
2
che-beij 1
bah-beij 32
1490
1
cid-beja 4
1491
1
bace-bejb 6
1493
1
badc-bejd 21
1494
1
baag-beje 15
1495
1
jhi-bejf 12
1496
2
cha-bejg 6
bcag-bejg 30
1497
1
bdaa-bejh 36
1498
2
ifa-beji 7
dcf-beji 16
1499
1
cdg-bejj 19
1500
2
bhf-bfaa 6
ccd-bfaa 12
1501
1
fbi-bfab 3
1503
1
jhc-bfad 17
1504
3
ecc-bfae 59
bfah-bfae 57
bai-bfae 5
1505
2
hbb-bfaf 2
bedh-bfaf 130
1506
2
jai-bfag 90
bdad-bfag 9
1507
1
jbf-bfah 57
1508
1
bcaj-bfai 14
1509
1
bcjd-bfaj 8
1510
1
bdgg-bfba 7
1511
1
hda-bfbb 26
1512
1
ijd-bfbc 9
1513
3
fia-bfbd 15
bbjd-bfbd 2
dcg-bfbd 10
1514
1
behh-bfbe 156
1515
2
efe-bfbf 179
bdga-bfbf 105
1516
1
hih-bfbg 33
1518
1
jjc-bfbi 3
1519
1
beif-bfbj 24
1520
1
ghc-bfca 72
1521
3
bbba-bfcb 61
gfa-bfcb 6
gaj-bfcb 171
1522
1
gga-bfcc 13
1523
3
ggc-bfcd 7
bdbj-bfcd 162
bcdc-bfcd 117
1524
1
jh-bfce 8
1525
1
bca-bfcf 8
1526
3
cjc-bfcg 93
bfgg-bfcg 10
bgdj-bfcg 43
1527
1
bafe-bfch 48
1528
1
fjb-bfci 12
1529
2
dif-bfcj 9
gh-bfcj 7
1530
2
baai-bfda 40
bgce-bfda 1
1531
1
iih-bfdb 19
1532
1
bfbc-bfdc 3
1534
1
jgf-bfde 50
1535
1
ddf-bfdf 9
1536
1
bdfi-bfdg 234
1537
1
bdec-bfdh 125
1538
2
ihc-bfdi 4
fgc-bfdi 24
1539
2
bddd-bfdj 12
dgg-bfdj 2
1540
1
jdg-bfea 15
1541
1
ggf-bfeb 38
1542
2
bdge-bfec 2
edg-bfec 3
1543
2
iia-bfed 176
iea-bfed 168
1544
2
dae-bfee 73
fhi-bfee 84
1545
4
ied-bfef 54
bgaf-bfef 6
faa-bfef 13
bgda-bfef 6
1546
1
dfb-bfeg 35
1547
1
fdc-bfeh 9
1548
1
cbf-bfei 3
1549
1
bdia-bfej 3
1550
1
iab-bffa 5
1551
1
bda-bffb 16
1552
1
iai-bffc 4
1553
1
egi-bffd 1
1555
1
becg-bfff 12
1556
1
gci-bffg 33
1557
1
ghi-bffh 27
1558
1
ed-bffi 14
1559
1
eda-bffj 34
1560
2
dcg-bfga 1
bfj-bfga 1
1561
2
beif-bfgb 249
bcfj-bfgb 27
1562
1
bdac-bfgc 11
1563
1
ihj-bfgd 38
1564
1
chj-bfge 3
1565
2
eig-bfgf 4
bgga-bfgf 192
1566
1
ec-bfgg 10
1567
1
bbie-bfgh 4
1568
3
fea-bfgi 15
bgee-bfgi 2
bgej-bfgi 136
1570
1
cga-bfha 7
1571
1
bhg-bfhb 39
1572
1
dgd-bfhc 6
1573
1
bdgb-bfhd 174
1574
1
bfi-bfhe 276
1575
2
jjj-bfhf 227
ded-bfhf 11
1576
2
ibi-bfhg 19
bfhi-bfhg 90
1577
1
ibh-bfhh 126
1578
1
ice-bfhi 174
1579
2
gih-bfhj 2
bejj-bfhj 7
1580
1
df-bfia 21
1581
1
bdca-bfib 1
1582
2
igc-bfic 15
bgfg-bfic 12
1583
1
hfa-bfid 6
1584
1
ceh-bfie 2
1585
2
dfi-bfif 221
caa-bfif 5
1587
1
cif-bfih 74
1588
2
edc-bfii 6
hjg-bfii 19
1589
1
gih-bfij 18
1590
1
bie-bfja 12
1591
1
icj-bfjb 18
1592
1
bej-bfjc 21
1593
1
bajd-bfjd 8
1594
1
bfba-bfje 6
1595
1
cdg-bfjf 87
1596
1
bdej-bfjg 35
1597
1
bcga-bfjh 1
1599
1
hhg-bfjj 12
1600
1
bcdd-bgaa 47
1601
1
fga-bgab 24
1602
1
babg-bgac 32
1603
1
bdba-bgad 4
1604
1
bajd-bgae 29
1605
1
beab-bgaf 6
1606
1
bed-bgag 33
1607
1
bdhi-bgah 3
1608
1
baji-bgai 82
1609
1
egb-bgaj 46
1610
1
ddd-bgba 6
1611
1
dib-bgbb 6
1612
1
bba-bgbc 5
1613
2
bfb-bgbd 3
bfje-bgbd 7
1614
1
bfhe-bgbe 219
1615
1
bbfa-bgbf 4
1616
1
dff-bgbg 24
1617
2
ece-bgbh 6
bgfh-bgbh 15
1618
1
bfjc-bgbi 15
1619
1
cbj-bgbj 14
1620
1
hjh-bgca 2
1621
1
icd-bgcb 70
1622
2
dga-bgcc 72
bdbe-bgcc 5
1624
1
bacd-bgce 1
1625
1
cib-bgcf 79
1626
1
cba-bgcg 101
1627
1
cga-bgch 47
1628
2
hje-bgci 177
bda-bgci 21
1629
1
beeg-bgcj 63
1630
1
bcai-bgda 6
1631
1
jdd-bgdb 16
1632
1
gbb-bgdc 26
1633
3
bhf-bgdd 6
ede-bgdd 58
bffd-bgdd 1
1634
1
beic-bgde 80
1635
1
bbia-bgdf 15
1636
1
baf-bgdg 15
1637
1
hhh-bgdh 3
1638
2
jdi-bgdi 1
bach-bgdi 6
1639
1
jdb-bgdj 63
1640
1
bcia-bgea 11
1641
1
ega-bgeb 57
1642
2
bacg-bgec 6
djd-bgec 9
1643
1
behi-bged 6
1644
1
hjf-bgee 2
1645
1
fed-bgef 9
1646
1
baca-bgeg 12
1647
1
bece-bgeh 3
1648
1
bgca-bgei 1
1649
1
jej-bgej 135
1650
1
bddj-bgfa 175
1651
1
bhh-bgfb 4
1652
1
bfjg-bgfc 21
1653
2
gif-bgfd 214
ddb-bgfd 4
1654
1
bfcf-bgfe 4
1655
1
bcgh-bgff 16
1656
1
bce-bgfg 11
1657
1
bgbi-bgfh 15
1658
1
bie-bgfi 2
1659
1
eef-bgfj 26
1660
1
bdhi-bgga 192
1661
1
bdhg-bggb 6
